{"C:\\Users\\H227598\\Desktop\\Verificacion y Validacion\\Museo2\\museoApi\\models\\persona.js":{"path":"C:\\Users\\H227598\\Desktop\\Verificacion y Validacion\\Museo2\\museoApi\\models\\persona.js","statementMap":{"0":{"start":{"line":3,"column":17},"end":{"line":3,"column":36}},"1":{"start":{"line":4,"column":16},"end":{"line":4,"column":31}},"2":{"start":{"line":6,"column":22},"end":{"line":16,"column":2}},"3":{"start":{"line":18,"column":0},"end":{"line":18,"column":57}}},"fnMap":{},"branchMap":{},"s":{"0":1,"1":1,"2":1,"3":1},"f":{},"b":{},"_coverageSchema":"43e27e138ebf9cfc5966b082cf9a028302ed4184","hash":"8c976528ec0460627efac839b044a2b41ececbdc","contentHash":"7b6cc411d57dbd245a5b4e5f14468a87e9b4b7788c2e944fa769e68725ea8d30"},"C:\\Users\\H227598\\Desktop\\Verificacion y Validacion\\Museo2\\museoApi\\index.js":{"path":"C:\\Users\\H227598\\Desktop\\Verificacion y Validacion\\Museo2\\museoApi\\index.js","statementMap":{"0":{"start":{"line":3,"column":17},"end":{"line":3,"column":36}},"1":{"start":{"line":4,"column":12},"end":{"line":4,"column":28}},"2":{"start":{"line":5,"column":15},"end":{"line":5,"column":34}},"3":{"start":{"line":8,"column":0},"end":{"line":8,"column":40}},"4":{"start":{"line":12,"column":0},"end":{"line":20,"column":2}},"5":{"start":{"line":13,"column":4},"end":{"line":13,"column":80}},"6":{"start":{"line":14,"column":4},"end":{"line":19,"column":6}},"7":{"start":{"line":15,"column":8},"end":{"line":15,"column":25}},"8":{"start":{"line":15,"column":16},"end":{"line":15,"column":25}},"9":{"start":{"line":16,"column":8},"end":{"line":16,"column":65}}},"fnMap":{"0":{"name":"(anonymous_0)","decl":{"start":{"line":12,"column":42},"end":{"line":12,"column":43}},"loc":{"start":{"line":12,"column":47},"end":{"line":20,"column":1}},"line":12},"1":{"name":"(anonymous_1)","decl":{"start":{"line":14,"column":32},"end":{"line":14,"column":33}},"loc":{"start":{"line":14,"column":41},"end":{"line":19,"column":5}},"line":14}},"branchMap":{"0":{"loc":{"start":{"line":15,"column":8},"end":{"line":15,"column":25}},"type":"if","locations":[{"start":{"line":15,"column":8},"end":{"line":15,"column":25}},{"start":{"line":15,"column":8},"end":{"line":15,"column":25}}],"line":15}},"s":{"0":1,"1":1,"2":1,"3":1,"4":1,"5":1,"6":1,"7":1,"8":0,"9":1},"f":{"0":1,"1":1},"b":{"0":[0,1]},"_coverageSchema":"43e27e138ebf9cfc5966b082cf9a028302ed4184","hash":"79972b102b19f6e9a5925e2e3d5a180c2ba552be","contentHash":"d0247d42de797951189c616af9d3f4bca626b04da3ce302efae26748d877c162"},"C:\\Users\\H227598\\Desktop\\Verificacion y Validacion\\Museo2\\museoApi\\app.js":{"path":"C:\\Users\\H227598\\Desktop\\Verificacion y Validacion\\Museo2\\museoApi\\app.js","statementMap":{"0":{"start":{"line":3,"column":16},"end":{"line":3,"column":34}},"1":{"start":{"line":4,"column":19},"end":{"line":4,"column":41}},"2":{"start":{"line":5,"column":12},"end":{"line":5,"column":21}},"3":{"start":{"line":6,"column":12},"end":{"line":6,"column":32}},"4":{"start":{"line":9,"column":0},"end":{"line":9,"column":50}},"5":{"start":{"line":10,"column":0},"end":{"line":10,"column":26}},"6":{"start":{"line":11,"column":0},"end":{"line":17,"column":2}},"7":{"start":{"line":12,"column":4},"end":{"line":12,"column":50}},"8":{"start":{"line":13,"column":4},"end":{"line":13,"column":69}},"9":{"start":{"line":14,"column":4},"end":{"line":14,"column":62}},"10":{"start":{"line":15,"column":4},"end":{"line":15,"column":222}},"11":{"start":{"line":16,"column":4},"end":{"line":16,"column":11}},"12":{"start":{"line":19,"column":0},"end":{"line":19,"column":19}},"13":{"start":{"line":21,"column":0},"end":{"line":21,"column":20}}},"fnMap":{"0":{"name":"(anonymous_0)","decl":{"start":{"line":11,"column":8},"end":{"line":11,"column":9}},"loc":{"start":{"line":11,"column":30},"end":{"line":17,"column":1}},"line":11}},"branchMap":{},"s":{"0":1,"1":1,"2":1,"3":1,"4":1,"5":1,"6":1,"7":43,"8":43,"9":43,"10":43,"11":43,"12":1,"13":1},"f":{"0":43},"b":{},"_coverageSchema":"43e27e138ebf9cfc5966b082cf9a028302ed4184","hash":"cdddc04ce4fa200dbb26b2afaec89dfaa4050460","contentHash":"fbca97eab971059845b1ddcb1f7f5f5c8ad6474cca821378ad04284fa35a423c"},"C:\\Users\\H227598\\Desktop\\Verificacion y Validacion\\Museo2\\museoApi\\routers\\index.js":{"path":"C:\\Users\\H227598\\Desktop\\Verificacion y Validacion\\Museo2\\museoApi\\routers\\index.js","statementMap":{"0":{"start":{"line":3,"column":16},"end":{"line":3,"column":34}},"1":{"start":{"line":4,"column":20},"end":{"line":4,"column":53}},"2":{"start":{"line":5,"column":23},"end":{"line":5,"column":60}},"3":{"start":{"line":6,"column":24},"end":{"line":6,"column":62}},"4":{"start":{"line":7,"column":19},"end":{"line":7,"column":51}},"5":{"start":{"line":8,"column":18},"end":{"line":8,"column":49}},"6":{"start":{"line":9,"column":21},"end":{"line":9,"column":55}},"7":{"start":{"line":10,"column":17},"end":{"line":10,"column":47}},"8":{"start":{"line":11,"column":17},"end":{"line":11,"column":47}},"9":{"start":{"line":12,"column":22},"end":{"line":12,"column":57}},"10":{"start":{"line":13,"column":19},"end":{"line":13,"column":51}},"11":{"start":{"line":15,"column":12},"end":{"line":15,"column":28}},"12":{"start":{"line":17,"column":0},"end":{"line":17,"column":33}},"13":{"start":{"line":19,"column":0},"end":{"line":19,"column":44}},"14":{"start":{"line":20,"column":0},"end":{"line":20,"column":58}},"15":{"start":{"line":21,"column":0},"end":{"line":21,"column":60}},"16":{"start":{"line":22,"column":0},"end":{"line":22,"column":45}},"17":{"start":{"line":23,"column":0},"end":{"line":23,"column":59}},"18":{"start":{"line":24,"column":0},"end":{"line":24,"column":56}},"19":{"start":{"line":25,"column":0},"end":{"line":25,"column":86}},"20":{"start":{"line":26,"column":0},"end":{"line":26,"column":66}},"21":{"start":{"line":27,"column":0},"end":{"line":27,"column":62}},"22":{"start":{"line":28,"column":0},"end":{"line":28,"column":70}},"23":{"start":{"line":29,"column":0},"end":{"line":29,"column":93}},"24":{"start":{"line":30,"column":0},"end":{"line":30,"column":78}},"25":{"start":{"line":31,"column":0},"end":{"line":31,"column":84}},"26":{"start":{"line":34,"column":0},"end":{"line":34,"column":54}},"27":{"start":{"line":35,"column":0},"end":{"line":35,"column":69}},"28":{"start":{"line":36,"column":0},"end":{"line":36,"column":74}},"29":{"start":{"line":37,"column":0},"end":{"line":37,"column":61}},"30":{"start":{"line":38,"column":0},"end":{"line":38,"column":77}},"31":{"start":{"line":39,"column":0},"end":{"line":39,"column":76}},"32":{"start":{"line":40,"column":0},"end":{"line":40,"column":84}},"33":{"start":{"line":41,"column":0},"end":{"line":41,"column":92}},"34":{"start":{"line":42,"column":0},"end":{"line":42,"column":83}},"35":{"start":{"line":43,"column":0},"end":{"line":43,"column":59}},"36":{"start":{"line":44,"column":0},"end":{"line":44,"column":80}},"37":{"start":{"line":45,"column":0},"end":{"line":45,"column":60}},"38":{"start":{"line":47,"column":0},"end":{"line":47,"column":41}},"39":{"start":{"line":48,"column":0},"end":{"line":48,"column":53}},"40":{"start":{"line":49,"column":0},"end":{"line":49,"column":59}},"41":{"start":{"line":50,"column":0},"end":{"line":50,"column":65}},"42":{"start":{"line":51,"column":0},"end":{"line":51,"column":41}},"43":{"start":{"line":53,"column":0},"end":{"line":53,"column":38}},"44":{"start":{"line":54,"column":0},"end":{"line":54,"column":50}},"45":{"start":{"line":55,"column":0},"end":{"line":55,"column":72}},"46":{"start":{"line":56,"column":0},"end":{"line":56,"column":62}},"47":{"start":{"line":57,"column":0},"end":{"line":57,"column":39}},"48":{"start":{"line":59,"column":0},"end":{"line":59,"column":48}},"49":{"start":{"line":60,"column":0},"end":{"line":60,"column":61}},"50":{"start":{"line":61,"column":0},"end":{"line":61,"column":82}},"51":{"start":{"line":62,"column":0},"end":{"line":62,"column":65}},"52":{"start":{"line":63,"column":0},"end":{"line":63,"column":65}},"53":{"start":{"line":64,"column":0},"end":{"line":64,"column":48}},"54":{"start":{"line":67,"column":0},"end":{"line":67,"column":78}},"55":{"start":{"line":68,"column":0},"end":{"line":68,"column":61}},"56":{"start":{"line":69,"column":0},"end":{"line":69,"column":66}},"57":{"start":{"line":70,"column":0},"end":{"line":70,"column":63}},"58":{"start":{"line":71,"column":0},"end":{"line":71,"column":84}},"59":{"start":{"line":81,"column":0},"end":{"line":81,"column":57}},"60":{"start":{"line":82,"column":0},"end":{"line":82,"column":57}},"61":{"start":{"line":83,"column":0},"end":{"line":83,"column":74}},"62":{"start":{"line":84,"column":0},"end":{"line":84,"column":81}},"63":{"start":{"line":85,"column":0},"end":{"line":85,"column":72}},"64":{"start":{"line":86,"column":0},"end":{"line":86,"column":75}},"65":{"start":{"line":90,"column":0},"end":{"line":90,"column":36}},"66":{"start":{"line":93,"column":0},"end":{"line":93,"column":50}},"67":{"start":{"line":94,"column":0},"end":{"line":94,"column":69}},"68":{"start":{"line":97,"column":0},"end":{"line":97,"column":42}},"69":{"start":{"line":98,"column":0},"end":{"line":98,"column":60}},"70":{"start":{"line":103,"column":0},"end":{"line":103,"column":20}}},"fnMap":{},"branchMap":{},"s":{"0":1,"1":1,"2":1,"3":1,"4":1,"5":1,"6":1,"7":1,"8":1,"9":1,"10":1,"11":1,"12":1,"13":1,"14":1,"15":1,"16":1,"17":1,"18":1,"19":1,"20":1,"21":1,"22":1,"23":1,"24":1,"25":1,"26":1,"27":1,"28":1,"29":1,"30":1,"31":1,"32":1,"33":1,"34":1,"35":1,"36":1,"37":1,"38":1,"39":1,"40":1,"41":1,"42":1,"43":1,"44":1,"45":1,"46":1,"47":1,"48":1,"49":1,"50":1,"51":1,"52":1,"53":1,"54":1,"55":1,"56":1,"57":1,"58":1,"59":1,"60":1,"61":1,"62":1,"63":1,"64":1,"65":1,"66":1,"67":1,"68":1,"69":1,"70":1},"f":{},"b":{},"_coverageSchema":"43e27e138ebf9cfc5966b082cf9a028302ed4184","hash":"9ced2c35b4d13aad3d689dca8d050bc3dff29df0","contentHash":"abd60381100620bc0669c68e17fcbeaec55003c2aa2c4107a7f4ca00d6b6fd43"},"C:\\Users\\H227598\\Desktop\\Verificacion y Validacion\\Museo2\\museoApi\\controllers\\persona.js":{"path":"C:\\Users\\H227598\\Desktop\\Verificacion y Validacion\\Museo2\\museoApi\\controllers\\persona.js","statementMap":{"0":{"start":{"line":3,"column":16},"end":{"line":3,"column":44}},"1":{"start":{"line":6,"column":20},"end":{"line":6,"column":40}},"2":{"start":{"line":7,"column":4},"end":{"line":11,"column":6}},"3":{"start":{"line":8,"column":8},"end":{"line":8,"column":94}},"4":{"start":{"line":8,"column":16},"end":{"line":8,"column":94}},"5":{"start":{"line":9,"column":8},"end":{"line":9,"column":84}},"6":{"start":{"line":9,"column":23},"end":{"line":9,"column":84}},"7":{"start":{"line":10,"column":8},"end":{"line":10,"column":52}},"8":{"start":{"line":15,"column":18},"end":{"line":15,"column":38}},"9":{"start":{"line":16,"column":4},"end":{"line":20,"column":6}},"10":{"start":{"line":17,"column":8},"end":{"line":17,"column":94}},"11":{"start":{"line":17,"column":16},"end":{"line":17,"column":94}},"12":{"start":{"line":18,"column":8},"end":{"line":18,"column":90}},"13":{"start":{"line":18,"column":21},"end":{"line":18,"column":90}},"14":{"start":{"line":19,"column":8},"end":{"line":19,"column":48}},"15":{"start":{"line":24,"column":4},"end":{"line":28,"column":6}},"16":{"start":{"line":25,"column":8},"end":{"line":25,"column":94}},"17":{"start":{"line":25,"column":16},"end":{"line":25,"column":94}},"18":{"start":{"line":26,"column":8},"end":{"line":26,"column":82}},"19":{"start":{"line":26,"column":22},"end":{"line":26,"column":82}},"20":{"start":{"line":27,"column":8},"end":{"line":27,"column":50}},"21":{"start":{"line":34,"column":18},"end":{"line":34,"column":31}},"22":{"start":{"line":35,"column":4},"end":{"line":35,"column":38}},"23":{"start":{"line":36,"column":4},"end":{"line":36,"column":42}},"24":{"start":{"line":37,"column":4},"end":{"line":37,"column":30}},"25":{"start":{"line":38,"column":4},"end":{"line":38,"column":46}},"26":{"start":{"line":39,"column":4},"end":{"line":39,"column":38}},"27":{"start":{"line":40,"column":4},"end":{"line":40,"column":32}},"28":{"start":{"line":41,"column":4},"end":{"line":41,"column":42}},"29":{"start":{"line":42,"column":4},"end":{"line":42,"column":44}},"30":{"start":{"line":44,"column":4},"end":{"line":47,"column":6}},"31":{"start":{"line":45,"column":8},"end":{"line":45,"column":92}},"32":{"start":{"line":45,"column":16},"end":{"line":45,"column":92}},"33":{"start":{"line":46,"column":8},"end":{"line":46,"column":54}},"34":{"start":{"line":51,"column":20},"end":{"line":51,"column":40}},"35":{"start":{"line":53,"column":1},"end":{"line":63,"column":4}},"36":{"start":{"line":55,"column":2},"end":{"line":55,"column":44}},"37":{"start":{"line":55,"column":11},"end":{"line":55,"column":44}},"38":{"start":{"line":58,"column":19},"end":{"line":61,"column":3}},"39":{"start":{"line":62,"column":2},"end":{"line":62,"column":40}},"40":{"start":{"line":68,"column":19},"end":{"line":68,"column":39}},"41":{"start":{"line":69,"column":16},"end":{"line":69,"column":24}},"42":{"start":{"line":71,"column":4},"end":{"line":76,"column":6}},"43":{"start":{"line":72,"column":8},"end":{"line":72,"column":96}},"44":{"start":{"line":72,"column":16},"end":{"line":72,"column":96}},"45":{"start":{"line":73,"column":8},"end":{"line":73,"column":95}},"46":{"start":{"line":73,"column":27},"end":{"line":73,"column":95}},"47":{"start":{"line":74,"column":8},"end":{"line":74,"column":54}},"48":{"start":{"line":80,"column":13},"end":{"line":80,"column":29}},"49":{"start":{"line":81,"column":16},"end":{"line":81,"column":35}},"50":{"start":{"line":82,"column":18},"end":{"line":82,"column":39}},"51":{"start":{"line":85,"column":2},"end":{"line":89,"column":4}},"52":{"start":{"line":86,"column":3},"end":{"line":86,"column":89}},"53":{"start":{"line":86,"column":11},"end":{"line":86,"column":89}},"54":{"start":{"line":87,"column":3},"end":{"line":87,"column":85}},"55":{"start":{"line":87,"column":16},"end":{"line":87,"column":85}},"56":{"start":{"line":88,"column":3},"end":{"line":88,"column":44}},"57":{"start":{"line":99,"column":18},"end":{"line":99,"column":38}},"58":{"start":{"line":100,"column":4},"end":{"line":104,"column":6}},"59":{"start":{"line":101,"column":8},"end":{"line":101,"column":94}},"60":{"start":{"line":101,"column":16},"end":{"line":101,"column":94}},"61":{"start":{"line":102,"column":8},"end":{"line":102,"column":90}},"62":{"start":{"line":102,"column":21},"end":{"line":102,"column":90}},"63":{"start":{"line":103,"column":8},"end":{"line":103,"column":49}},"64":{"start":{"line":108,"column":18},"end":{"line":108,"column":38}},"65":{"start":{"line":109,"column":4},"end":{"line":113,"column":6}},"66":{"start":{"line":110,"column":8},"end":{"line":110,"column":94}},"67":{"start":{"line":110,"column":16},"end":{"line":110,"column":94}},"68":{"start":{"line":111,"column":8},"end":{"line":111,"column":90}},"69":{"start":{"line":111,"column":21},"end":{"line":111,"column":90}},"70":{"start":{"line":112,"column":8},"end":{"line":112,"column":49}},"71":{"start":{"line":117,"column":18},"end":{"line":117,"column":38}},"72":{"start":{"line":118,"column":4},"end":{"line":122,"column":6}},"73":{"start":{"line":119,"column":8},"end":{"line":119,"column":94}},"74":{"start":{"line":119,"column":16},"end":{"line":119,"column":94}},"75":{"start":{"line":120,"column":8},"end":{"line":120,"column":90}},"76":{"start":{"line":120,"column":21},"end":{"line":120,"column":90}},"77":{"start":{"line":121,"column":8},"end":{"line":121,"column":49}},"78":{"start":{"line":126,"column":16},"end":{"line":126,"column":35}},"79":{"start":{"line":127,"column":18},"end":{"line":127,"column":39}},"80":{"start":{"line":130,"column":2},"end":{"line":134,"column":4}},"81":{"start":{"line":131,"column":3},"end":{"line":131,"column":89}},"82":{"start":{"line":131,"column":11},"end":{"line":131,"column":89}},"83":{"start":{"line":132,"column":3},"end":{"line":132,"column":85}},"84":{"start":{"line":132,"column":16},"end":{"line":132,"column":85}},"85":{"start":{"line":133,"column":3},"end":{"line":133,"column":44}},"86":{"start":{"line":140,"column":13},"end":{"line":140,"column":29}},"87":{"start":{"line":141,"column":16},"end":{"line":141,"column":35}},"88":{"start":{"line":144,"column":2},"end":{"line":148,"column":4}},"89":{"start":{"line":145,"column":3},"end":{"line":145,"column":89}},"90":{"start":{"line":145,"column":11},"end":{"line":145,"column":89}},"91":{"start":{"line":146,"column":3},"end":{"line":146,"column":85}},"92":{"start":{"line":146,"column":16},"end":{"line":146,"column":85}},"93":{"start":{"line":147,"column":3},"end":{"line":147,"column":44}},"94":{"start":{"line":153,"column":13},"end":{"line":153,"column":29}},"95":{"start":{"line":154,"column":18},"end":{"line":154,"column":39}},"96":{"start":{"line":157,"column":2},"end":{"line":161,"column":4}},"97":{"start":{"line":158,"column":3},"end":{"line":158,"column":89}},"98":{"start":{"line":158,"column":11},"end":{"line":158,"column":89}},"99":{"start":{"line":159,"column":3},"end":{"line":159,"column":85}},"100":{"start":{"line":159,"column":16},"end":{"line":159,"column":85}},"101":{"start":{"line":160,"column":3},"end":{"line":160,"column":44}},"102":{"start":{"line":166,"column":0},"end":{"line":181,"column":1}}},"fnMap":{"0":{"name":"getPersonaId","decl":{"start":{"line":5,"column":9},"end":{"line":5,"column":21}},"loc":{"start":{"line":5,"column":32},"end":{"line":12,"column":1}},"line":5},"1":{"name":"(anonymous_1)","decl":{"start":{"line":7,"column":32},"end":{"line":7,"column":33}},"loc":{"start":{"line":7,"column":49},"end":{"line":11,"column":5}},"line":7},"2":{"name":"getPersonaDni","decl":{"start":{"line":14,"column":9},"end":{"line":14,"column":22}},"loc":{"start":{"line":14,"column":33},"end":{"line":21,"column":1}},"line":14},"3":{"name":"(anonymous_3)","decl":{"start":{"line":16,"column":37},"end":{"line":16,"column":38}},"loc":{"start":{"line":16,"column":52},"end":{"line":20,"column":5}},"line":16},"4":{"name":"getPersonas","decl":{"start":{"line":23,"column":9},"end":{"line":23,"column":20}},"loc":{"start":{"line":23,"column":30},"end":{"line":29,"column":1}},"line":23},"5":{"name":"(anonymous_5)","decl":{"start":{"line":24,"column":20},"end":{"line":24,"column":21}},"loc":{"start":{"line":24,"column":36},"end":{"line":28,"column":5}},"line":24},"6":{"name":"savePersona","decl":{"start":{"line":31,"column":9},"end":{"line":31,"column":20}},"loc":{"start":{"line":31,"column":29},"end":{"line":48,"column":1}},"line":31},"7":{"name":"(anonymous_7)","decl":{"start":{"line":44,"column":17},"end":{"line":44,"column":18}},"loc":{"start":{"line":44,"column":39},"end":{"line":47,"column":5}},"line":44},"8":{"name":"deletePersona","decl":{"start":{"line":50,"column":9},"end":{"line":50,"column":22}},"loc":{"start":{"line":50,"column":31},"end":{"line":65,"column":1}},"line":50},"9":{"name":"(anonymous_9)","decl":{"start":{"line":53,"column":38},"end":{"line":53,"column":39}},"loc":{"start":{"line":53,"column":56},"end":{"line":63,"column":2}},"line":53},"10":{"name":"updatePersona","decl":{"start":{"line":67,"column":9},"end":{"line":67,"column":22}},"loc":{"start":{"line":67,"column":31},"end":{"line":77,"column":1}},"line":67},"11":{"name":"(anonymous_11)","decl":{"start":{"line":71,"column":49},"end":{"line":71,"column":50}},"loc":{"start":{"line":71,"column":71},"end":{"line":76,"column":5}},"line":71},"12":{"name":"getPersonasFiltro","decl":{"start":{"line":79,"column":9},"end":{"line":79,"column":26}},"loc":{"start":{"line":79,"column":36},"end":{"line":95,"column":1}},"line":79},"13":{"name":"(anonymous_13)","decl":{"start":{"line":85,"column":67},"end":{"line":85,"column":68}},"loc":{"start":{"line":85,"column":82},"end":{"line":89,"column":3}},"line":85},"14":{"name":"getPersonaNroDoc","decl":{"start":{"line":98,"column":9},"end":{"line":98,"column":25}},"loc":{"start":{"line":98,"column":36},"end":{"line":105,"column":1}},"line":98},"15":{"name":"(anonymous_15)","decl":{"start":{"line":100,"column":34},"end":{"line":100,"column":35}},"loc":{"start":{"line":100,"column":49},"end":{"line":104,"column":5}},"line":100},"16":{"name":"getPersonaName","decl":{"start":{"line":107,"column":9},"end":{"line":107,"column":23}},"loc":{"start":{"line":107,"column":34},"end":{"line":114,"column":1}},"line":107},"17":{"name":"(anonymous_17)","decl":{"start":{"line":109,"column":38},"end":{"line":109,"column":39}},"loc":{"start":{"line":109,"column":53},"end":{"line":113,"column":5}},"line":109},"18":{"name":"getPersonaApellido","decl":{"start":{"line":116,"column":9},"end":{"line":116,"column":27}},"loc":{"start":{"line":116,"column":38},"end":{"line":123,"column":1}},"line":116},"19":{"name":"(anonymous_19)","decl":{"start":{"line":118,"column":40},"end":{"line":118,"column":41}},"loc":{"start":{"line":118,"column":55},"end":{"line":122,"column":5}},"line":118},"20":{"name":"getPersonaNombreApellido","decl":{"start":{"line":125,"column":9},"end":{"line":125,"column":33}},"loc":{"start":{"line":125,"column":43},"end":{"line":136,"column":1}},"line":125},"21":{"name":"(anonymous_21)","decl":{"start":{"line":130,"column":57},"end":{"line":130,"column":58}},"loc":{"start":{"line":130,"column":72},"end":{"line":134,"column":3}},"line":130},"22":{"name":"getPersonaNombreDNI","decl":{"start":{"line":139,"column":9},"end":{"line":139,"column":28}},"loc":{"start":{"line":139,"column":38},"end":{"line":150,"column":1}},"line":139},"23":{"name":"(anonymous_23)","decl":{"start":{"line":144,"column":46},"end":{"line":144,"column":47}},"loc":{"start":{"line":144,"column":61},"end":{"line":148,"column":3}},"line":144},"24":{"name":"getPersonaApellidoDNI","decl":{"start":{"line":152,"column":9},"end":{"line":152,"column":30}},"loc":{"start":{"line":152,"column":40},"end":{"line":162,"column":1}},"line":152},"25":{"name":"(anonymous_25)","decl":{"start":{"line":157,"column":50},"end":{"line":157,"column":51}},"loc":{"start":{"line":157,"column":65},"end":{"line":161,"column":3}},"line":157}},"branchMap":{"0":{"loc":{"start":{"line":8,"column":8},"end":{"line":8,"column":94}},"type":"if","locations":[{"start":{"line":8,"column":8},"end":{"line":8,"column":94}},{"start":{"line":8,"column":8},"end":{"line":8,"column":94}}],"line":8},"1":{"loc":{"start":{"line":9,"column":8},"end":{"line":9,"column":84}},"type":"if","locations":[{"start":{"line":9,"column":8},"end":{"line":9,"column":84}},{"start":{"line":9,"column":8},"end":{"line":9,"column":84}}],"line":9},"2":{"loc":{"start":{"line":17,"column":8},"end":{"line":17,"column":94}},"type":"if","locations":[{"start":{"line":17,"column":8},"end":{"line":17,"column":94}},{"start":{"line":17,"column":8},"end":{"line":17,"column":94}}],"line":17},"3":{"loc":{"start":{"line":18,"column":8},"end":{"line":18,"column":90}},"type":"if","locations":[{"start":{"line":18,"column":8},"end":{"line":18,"column":90}},{"start":{"line":18,"column":8},"end":{"line":18,"column":90}}],"line":18},"4":{"loc":{"start":{"line":25,"column":8},"end":{"line":25,"column":94}},"type":"if","locations":[{"start":{"line":25,"column":8},"end":{"line":25,"column":94}},{"start":{"line":25,"column":8},"end":{"line":25,"column":94}}],"line":25},"5":{"loc":{"start":{"line":26,"column":8},"end":{"line":26,"column":82}},"type":"if","locations":[{"start":{"line":26,"column":8},"end":{"line":26,"column":82}},{"start":{"line":26,"column":8},"end":{"line":26,"column":82}}],"line":26},"6":{"loc":{"start":{"line":45,"column":8},"end":{"line":45,"column":92}},"type":"if","locations":[{"start":{"line":45,"column":8},"end":{"line":45,"column":92}},{"start":{"line":45,"column":8},"end":{"line":45,"column":92}}],"line":45},"7":{"loc":{"start":{"line":55,"column":2},"end":{"line":55,"column":44}},"type":"if","locations":[{"start":{"line":55,"column":2},"end":{"line":55,"column":44}},{"start":{"line":55,"column":2},"end":{"line":55,"column":44}}],"line":55},"8":{"loc":{"start":{"line":72,"column":8},"end":{"line":72,"column":96}},"type":"if","locations":[{"start":{"line":72,"column":8},"end":{"line":72,"column":96}},{"start":{"line":72,"column":8},"end":{"line":72,"column":96}}],"line":72},"9":{"loc":{"start":{"line":73,"column":8},"end":{"line":73,"column":95}},"type":"if","locations":[{"start":{"line":73,"column":8},"end":{"line":73,"column":95}},{"start":{"line":73,"column":8},"end":{"line":73,"column":95}}],"line":73},"10":{"loc":{"start":{"line":86,"column":3},"end":{"line":86,"column":89}},"type":"if","locations":[{"start":{"line":86,"column":3},"end":{"line":86,"column":89}},{"start":{"line":86,"column":3},"end":{"line":86,"column":89}}],"line":86},"11":{"loc":{"start":{"line":87,"column":3},"end":{"line":87,"column":85}},"type":"if","locations":[{"start":{"line":87,"column":3},"end":{"line":87,"column":85}},{"start":{"line":87,"column":3},"end":{"line":87,"column":85}}],"line":87},"12":{"loc":{"start":{"line":101,"column":8},"end":{"line":101,"column":94}},"type":"if","locations":[{"start":{"line":101,"column":8},"end":{"line":101,"column":94}},{"start":{"line":101,"column":8},"end":{"line":101,"column":94}}],"line":101},"13":{"loc":{"start":{"line":102,"column":8},"end":{"line":102,"column":90}},"type":"if","locations":[{"start":{"line":102,"column":8},"end":{"line":102,"column":90}},{"start":{"line":102,"column":8},"end":{"line":102,"column":90}}],"line":102},"14":{"loc":{"start":{"line":110,"column":8},"end":{"line":110,"column":94}},"type":"if","locations":[{"start":{"line":110,"column":8},"end":{"line":110,"column":94}},{"start":{"line":110,"column":8},"end":{"line":110,"column":94}}],"line":110},"15":{"loc":{"start":{"line":111,"column":8},"end":{"line":111,"column":90}},"type":"if","locations":[{"start":{"line":111,"column":8},"end":{"line":111,"column":90}},{"start":{"line":111,"column":8},"end":{"line":111,"column":90}}],"line":111},"16":{"loc":{"start":{"line":119,"column":8},"end":{"line":119,"column":94}},"type":"if","locations":[{"start":{"line":119,"column":8},"end":{"line":119,"column":94}},{"start":{"line":119,"column":8},"end":{"line":119,"column":94}}],"line":119},"17":{"loc":{"start":{"line":120,"column":8},"end":{"line":120,"column":90}},"type":"if","locations":[{"start":{"line":120,"column":8},"end":{"line":120,"column":90}},{"start":{"line":120,"column":8},"end":{"line":120,"column":90}}],"line":120},"18":{"loc":{"start":{"line":131,"column":3},"end":{"line":131,"column":89}},"type":"if","locations":[{"start":{"line":131,"column":3},"end":{"line":131,"column":89}},{"start":{"line":131,"column":3},"end":{"line":131,"column":89}}],"line":131},"19":{"loc":{"start":{"line":132,"column":3},"end":{"line":132,"column":85}},"type":"if","locations":[{"start":{"line":132,"column":3},"end":{"line":132,"column":85}},{"start":{"line":132,"column":3},"end":{"line":132,"column":85}}],"line":132},"20":{"loc":{"start":{"line":145,"column":3},"end":{"line":145,"column":89}},"type":"if","locations":[{"start":{"line":145,"column":3},"end":{"line":145,"column":89}},{"start":{"line":145,"column":3},"end":{"line":145,"column":89}}],"line":145},"21":{"loc":{"start":{"line":146,"column":3},"end":{"line":146,"column":85}},"type":"if","locations":[{"start":{"line":146,"column":3},"end":{"line":146,"column":85}},{"start":{"line":146,"column":3},"end":{"line":146,"column":85}}],"line":146},"22":{"loc":{"start":{"line":158,"column":3},"end":{"line":158,"column":89}},"type":"if","locations":[{"start":{"line":158,"column":3},"end":{"line":158,"column":89}},{"start":{"line":158,"column":3},"end":{"line":158,"column":89}}],"line":158},"23":{"loc":{"start":{"line":159,"column":3},"end":{"line":159,"column":85}},"type":"if","locations":[{"start":{"line":159,"column":3},"end":{"line":159,"column":85}},{"start":{"line":159,"column":3},"end":{"line":159,"column":85}}],"line":159}},"s":{"0":1,"1":3,"2":3,"3":3,"4":2,"5":1,"6":0,"7":1,"8":8,"9":8,"10":8,"11":0,"12":8,"13":0,"14":8,"15":1,"16":1,"17":0,"18":1,"19":0,"20":1,"21":4,"22":4,"23":4,"24":4,"25":4,"26":4,"27":4,"28":4,"29":4,"30":4,"31":4,"32":0,"33":4,"34":3,"35":3,"36":3,"37":2,"38":1,"39":1,"40":2,"41":2,"42":2,"43":2,"44":1,"45":1,"46":0,"47":1,"48":4,"49":4,"50":4,"51":4,"52":4,"53":2,"54":2,"55":0,"56":2,"57":0,"58":0,"59":0,"60":0,"61":0,"62":0,"63":0,"64":3,"65":3,"66":3,"67":0,"68":3,"69":0,"70":3,"71":3,"72":3,"73":3,"74":0,"75":3,"76":0,"77":3,"78":3,"79":3,"80":3,"81":3,"82":0,"83":3,"84":0,"85":3,"86":3,"87":3,"88":3,"89":3,"90":1,"91":2,"92":0,"93":2,"94":3,"95":3,"96":3,"97":3,"98":1,"99":2,"100":0,"101":2,"102":1},"f":{"0":3,"1":3,"2":8,"3":8,"4":1,"5":1,"6":4,"7":4,"8":3,"9":3,"10":2,"11":2,"12":4,"13":4,"14":0,"15":0,"16":3,"17":3,"18":3,"19":3,"20":3,"21":3,"22":3,"23":3,"24":3,"25":3},"b":{"0":[2,1],"1":[0,1],"2":[0,8],"3":[0,8],"4":[0,1],"5":[0,1],"6":[0,4],"7":[2,1],"8":[1,1],"9":[0,1],"10":[2,2],"11":[0,2],"12":[0,0],"13":[0,0],"14":[0,3],"15":[0,3],"16":[0,3],"17":[0,3],"18":[0,3],"19":[0,3],"20":[1,2],"21":[0,2],"22":[1,2],"23":[0,2]},"_coverageSchema":"43e27e138ebf9cfc5966b082cf9a028302ed4184","hash":"7c8dc84b1a1f9e39e84d57085d1088b98c8905de","contentHash":"d8ef91913909d9dac48dbccc349a85b7f82a92cc44619de10cefdd901961de87"},"C:\\Users\\H227598\\Desktop\\Verificacion y Validacion\\Museo2\\museoApi\\controllers\\excavacion.js":{"path":"C:\\Users\\H227598\\Desktop\\Verificacion y Validacion\\Museo2\\museoApi\\controllers\\excavacion.js","statementMap":{"0":{"start":{"line":2,"column":19},"end":{"line":2,"column":50}},"1":{"start":{"line":3,"column":27},"end":{"line":3,"column":60}},"2":{"start":{"line":7,"column":22},"end":{"line":7,"column":78}},"3":{"start":{"line":7,"column":36},"end":{"line":7,"column":78}},"4":{"start":{"line":9,"column":26},"end":{"line":9,"column":86}},"5":{"start":{"line":9,"column":40},"end":{"line":9,"column":86}},"6":{"start":{"line":12,"column":21},"end":{"line":12,"column":44}},"7":{"start":{"line":13,"column":4},"end":{"line":17,"column":6}},"8":{"start":{"line":14,"column":8},"end":{"line":14,"column":94}},"9":{"start":{"line":14,"column":16},"end":{"line":14,"column":94}},"10":{"start":{"line":15,"column":8},"end":{"line":15,"column":96}},"11":{"start":{"line":15,"column":24},"end":{"line":15,"column":96}},"12":{"start":{"line":16,"column":8},"end":{"line":16,"column":54}},"13":{"start":{"line":20,"column":24},"end":{"line":20,"column":82}},"14":{"start":{"line":20,"column":38},"end":{"line":20,"column":82}},"15":{"start":{"line":23,"column":21},"end":{"line":23,"column":44}},"16":{"start":{"line":24,"column":4},"end":{"line":28,"column":6}},"17":{"start":{"line":25,"column":8},"end":{"line":25,"column":94}},"18":{"start":{"line":25,"column":16},"end":{"line":25,"column":94}},"19":{"start":{"line":26,"column":8},"end":{"line":26,"column":100}},"20":{"start":{"line":26,"column":24},"end":{"line":26,"column":100}},"21":{"start":{"line":27,"column":8},"end":{"line":27,"column":54}},"22":{"start":{"line":32,"column":21},"end":{"line":32,"column":44}},"23":{"start":{"line":33,"column":4},"end":{"line":37,"column":6}},"24":{"start":{"line":34,"column":8},"end":{"line":34,"column":94}},"25":{"start":{"line":34,"column":16},"end":{"line":34,"column":94}},"26":{"start":{"line":35,"column":8},"end":{"line":35,"column":124}},"27":{"start":{"line":35,"column":26},"end":{"line":35,"column":124}},"28":{"start":{"line":36,"column":8},"end":{"line":36,"column":58}},"29":{"start":{"line":41,"column":23},"end":{"line":41,"column":46}},"30":{"start":{"line":42,"column":4},"end":{"line":46,"column":6}},"31":{"start":{"line":43,"column":8},"end":{"line":43,"column":94}},"32":{"start":{"line":43,"column":16},"end":{"line":43,"column":94}},"33":{"start":{"line":44,"column":8},"end":{"line":44,"column":130}},"34":{"start":{"line":44,"column":26},"end":{"line":44,"column":130}},"35":{"start":{"line":45,"column":8},"end":{"line":45,"column":58}},"36":{"start":{"line":50,"column":19},"end":{"line":50,"column":42}},"37":{"start":{"line":51,"column":4},"end":{"line":55,"column":6}},"38":{"start":{"line":52,"column":8},"end":{"line":52,"column":94}},"39":{"start":{"line":52,"column":16},"end":{"line":52,"column":94}},"40":{"start":{"line":53,"column":8},"end":{"line":53,"column":122}},"41":{"start":{"line":53,"column":26},"end":{"line":53,"column":122}},"42":{"start":{"line":54,"column":8},"end":{"line":54,"column":58}},"43":{"start":{"line":59,"column":4},"end":{"line":59,"column":39}},"44":{"start":{"line":60,"column":4},"end":{"line":60,"column":25}},"45":{"start":{"line":62,"column":21},"end":{"line":62,"column":37}},"46":{"start":{"line":63,"column":4},"end":{"line":63,"column":39}},"47":{"start":{"line":64,"column":1},"end":{"line":64,"column":36}},"48":{"start":{"line":65,"column":4},"end":{"line":65,"column":49}},"49":{"start":{"line":66,"column":1},"end":{"line":66,"column":46}},"50":{"start":{"line":67,"column":1},"end":{"line":67,"column":42}},"51":{"start":{"line":68,"column":1},"end":{"line":68,"column":44}},"52":{"start":{"line":69,"column":1},"end":{"line":69,"column":40}},"53":{"start":{"line":70,"column":1},"end":{"line":70,"column":44}},"54":{"start":{"line":71,"column":1},"end":{"line":71,"column":40}},"55":{"start":{"line":72,"column":1},"end":{"line":72,"column":48}},"56":{"start":{"line":73,"column":1},"end":{"line":73,"column":62}},"57":{"start":{"line":75,"column":1},"end":{"line":75,"column":40}},"58":{"start":{"line":76,"column":1},"end":{"line":76,"column":36}},"59":{"start":{"line":77,"column":1},"end":{"line":77,"column":50}},"60":{"start":{"line":78,"column":1},"end":{"line":78,"column":36}},"61":{"start":{"line":79,"column":1},"end":{"line":79,"column":40}},"62":{"start":{"line":80,"column":1},"end":{"line":80,"column":46}},"63":{"start":{"line":82,"column":1},"end":{"line":82,"column":44}},"64":{"start":{"line":86,"column":4},"end":{"line":89,"column":6}},"65":{"start":{"line":87,"column":8},"end":{"line":87,"column":92}},"66":{"start":{"line":87,"column":16},"end":{"line":87,"column":92}},"67":{"start":{"line":88,"column":8},"end":{"line":88,"column":60}},"68":{"start":{"line":93,"column":23},"end":{"line":93,"column":46}},"69":{"start":{"line":94,"column":4},"end":{"line":98,"column":6}},"70":{"start":{"line":95,"column":8},"end":{"line":95,"column":94}},"71":{"start":{"line":95,"column":16},"end":{"line":95,"column":94}},"72":{"start":{"line":96,"column":8},"end":{"line":96,"column":90}},"73":{"start":{"line":96,"column":26},"end":{"line":96,"column":90}},"74":{"start":{"line":97,"column":8},"end":{"line":97,"column":58}},"75":{"start":{"line":102,"column":22},"end":{"line":102,"column":45}},"76":{"start":{"line":103,"column":16},"end":{"line":103,"column":24}},"77":{"start":{"line":104,"column":4},"end":{"line":104,"column":76}},"78":{"start":{"line":105,"column":4},"end":{"line":105,"column":25}},"79":{"start":{"line":107,"column":4},"end":{"line":112,"column":6}},"80":{"start":{"line":108,"column":8},"end":{"line":108,"column":96}},"81":{"start":{"line":108,"column":16},"end":{"line":108,"column":96}},"82":{"start":{"line":109,"column":8},"end":{"line":109,"column":101}},"83":{"start":{"line":109,"column":30},"end":{"line":109,"column":101}},"84":{"start":{"line":110,"column":8},"end":{"line":110,"column":60}},"85":{"start":{"line":116,"column":23},"end":{"line":116,"column":46}},"86":{"start":{"line":118,"column":1},"end":{"line":128,"column":4}},"87":{"start":{"line":120,"column":2},"end":{"line":120,"column":44}},"88":{"start":{"line":120,"column":11},"end":{"line":120,"column":44}},"89":{"start":{"line":123,"column":19},"end":{"line":126,"column":3}},"90":{"start":{"line":127,"column":2},"end":{"line":127,"column":40}},"91":{"start":{"line":133,"column":16},"end":{"line":133,"column":35}},"92":{"start":{"line":134,"column":16},"end":{"line":134,"column":35}},"93":{"start":{"line":138,"column":2},"end":{"line":142,"column":4}},"94":{"start":{"line":139,"column":3},"end":{"line":139,"column":89}},"95":{"start":{"line":139,"column":11},"end":{"line":139,"column":89}},"96":{"start":{"line":140,"column":3},"end":{"line":140,"column":91}},"97":{"start":{"line":140,"column":19},"end":{"line":140,"column":91}},"98":{"start":{"line":141,"column":3},"end":{"line":141,"column":51}},"99":{"start":{"line":147,"column":16},"end":{"line":147,"column":35}},"100":{"start":{"line":149,"column":2},"end":{"line":153,"column":4}},"101":{"start":{"line":150,"column":3},"end":{"line":150,"column":89}},"102":{"start":{"line":150,"column":11},"end":{"line":150,"column":89}},"103":{"start":{"line":151,"column":3},"end":{"line":151,"column":91}},"104":{"start":{"line":151,"column":19},"end":{"line":151,"column":91}},"105":{"start":{"line":152,"column":3},"end":{"line":152,"column":51}},"106":{"start":{"line":158,"column":16},"end":{"line":158,"column":35}},"107":{"start":{"line":160,"column":2},"end":{"line":164,"column":4}},"108":{"start":{"line":161,"column":3},"end":{"line":161,"column":89}},"109":{"start":{"line":161,"column":11},"end":{"line":161,"column":89}},"110":{"start":{"line":162,"column":3},"end":{"line":162,"column":91}},"111":{"start":{"line":162,"column":19},"end":{"line":162,"column":91}},"112":{"start":{"line":163,"column":3},"end":{"line":163,"column":51}},"113":{"start":{"line":168,"column":24},"end":{"line":168,"column":82}},"114":{"start":{"line":168,"column":38},"end":{"line":168,"column":82}},"115":{"start":{"line":170,"column":28},"end":{"line":170,"column":90}},"116":{"start":{"line":170,"column":42},"end":{"line":170,"column":90}},"117":{"start":{"line":172,"column":32},"end":{"line":172,"column":98}},"118":{"start":{"line":172,"column":46},"end":{"line":172,"column":98}},"119":{"start":{"line":174,"column":27},"end":{"line":174,"column":88}},"120":{"start":{"line":174,"column":41},"end":{"line":174,"column":88}},"121":{"start":{"line":176,"column":0},"end":{"line":196,"column":2}}},"fnMap":{"0":{"name":"(anonymous_0)","decl":{"start":{"line":7,"column":22},"end":{"line":7,"column":23}},"loc":{"start":{"line":7,"column":36},"end":{"line":7,"column":78}},"line":7},"1":{"name":"(anonymous_1)","decl":{"start":{"line":9,"column":26},"end":{"line":9,"column":27}},"loc":{"start":{"line":9,"column":40},"end":{"line":9,"column":86}},"line":9},"2":{"name":"getExcavacionNombre","decl":{"start":{"line":11,"column":9},"end":{"line":11,"column":28}},"loc":{"start":{"line":11,"column":39},"end":{"line":18,"column":1}},"line":11},"3":{"name":"(anonymous_3)","decl":{"start":{"line":13,"column":46},"end":{"line":13,"column":47}},"loc":{"start":{"line":13,"column":64},"end":{"line":17,"column":5}},"line":13},"4":{"name":"(anonymous_4)","decl":{"start":{"line":20,"column":24},"end":{"line":20,"column":25}},"loc":{"start":{"line":20,"column":38},"end":{"line":20,"column":82}},"line":20},"5":{"name":"getExcavacionesHome","decl":{"start":{"line":22,"column":9},"end":{"line":22,"column":28}},"loc":{"start":{"line":22,"column":37},"end":{"line":29,"column":1}},"line":22},"6":{"name":"(anonymous_6)","decl":{"start":{"line":24,"column":48},"end":{"line":24,"column":49}},"loc":{"start":{"line":24,"column":66},"end":{"line":28,"column":5}},"line":24},"7":{"name":"getExcavacionesDirector","decl":{"start":{"line":31,"column":9},"end":{"line":31,"column":32}},"loc":{"start":{"line":31,"column":41},"end":{"line":38,"column":1}},"line":31},"8":{"name":"(anonymous_8)","decl":{"start":{"line":33,"column":46},"end":{"line":33,"column":47}},"loc":{"start":{"line":33,"column":66},"end":{"line":37,"column":5}},"line":33},"9":{"name":"getExcavacionesPaleontologo","decl":{"start":{"line":40,"column":9},"end":{"line":40,"column":36}},"loc":{"start":{"line":40,"column":45},"end":{"line":47,"column":1}},"line":40},"10":{"name":"(anonymous_10)","decl":{"start":{"line":42,"column":50},"end":{"line":42,"column":51}},"loc":{"start":{"line":42,"column":70},"end":{"line":46,"column":5}},"line":42},"11":{"name":"getExcavacionesColector","decl":{"start":{"line":49,"column":9},"end":{"line":49,"column":32}},"loc":{"start":{"line":49,"column":41},"end":{"line":56,"column":1}},"line":49},"12":{"name":"(anonymous_12)","decl":{"start":{"line":51,"column":42},"end":{"line":51,"column":43}},"loc":{"start":{"line":51,"column":62},"end":{"line":55,"column":5}},"line":51},"13":{"name":"saveExcavacion","decl":{"start":{"line":58,"column":9},"end":{"line":58,"column":23}},"loc":{"start":{"line":58,"column":32},"end":{"line":90,"column":1}},"line":58},"14":{"name":"(anonymous_14)","decl":{"start":{"line":86,"column":20},"end":{"line":86,"column":21}},"loc":{"start":{"line":86,"column":45},"end":{"line":89,"column":5}},"line":86},"15":{"name":"getExcavacionId","decl":{"start":{"line":92,"column":9},"end":{"line":92,"column":24}},"loc":{"start":{"line":92,"column":35},"end":{"line":99,"column":1}},"line":92},"16":{"name":"(anonymous_16)","decl":{"start":{"line":94,"column":38},"end":{"line":94,"column":39}},"loc":{"start":{"line":94,"column":58},"end":{"line":98,"column":5}},"line":94},"17":{"name":"updateExcavacion","decl":{"start":{"line":101,"column":9},"end":{"line":101,"column":25}},"loc":{"start":{"line":101,"column":34},"end":{"line":113,"column":1}},"line":101},"18":{"name":"(anonymous_18)","decl":{"start":{"line":107,"column":55},"end":{"line":107,"column":56}},"loc":{"start":{"line":107,"column":80},"end":{"line":112,"column":5}},"line":107},"19":{"name":"deleteExcavacion","decl":{"start":{"line":115,"column":9},"end":{"line":115,"column":25}},"loc":{"start":{"line":115,"column":34},"end":{"line":130,"column":1}},"line":115},"20":{"name":"(anonymous_20)","decl":{"start":{"line":118,"column":44},"end":{"line":118,"column":45}},"loc":{"start":{"line":118,"column":65},"end":{"line":128,"column":2}},"line":118},"21":{"name":"getExcavacionesFiltro","decl":{"start":{"line":132,"column":9},"end":{"line":132,"column":30}},"loc":{"start":{"line":132,"column":40},"end":{"line":144,"column":1}},"line":132},"22":{"name":"(anonymous_22)","decl":{"start":{"line":138,"column":54},"end":{"line":138,"column":55}},"loc":{"start":{"line":138,"column":72},"end":{"line":142,"column":3}},"line":138},"23":{"name":"getExcavacionesFiltroCode","decl":{"start":{"line":146,"column":9},"end":{"line":146,"column":34}},"loc":{"start":{"line":146,"column":44},"end":{"line":155,"column":1}},"line":146},"24":{"name":"(anonymous_24)","decl":{"start":{"line":149,"column":38},"end":{"line":149,"column":39}},"loc":{"start":{"line":149,"column":56},"end":{"line":153,"column":3}},"line":149},"25":{"name":"getExcavacionesFiltroName","decl":{"start":{"line":157,"column":9},"end":{"line":157,"column":34}},"loc":{"start":{"line":157,"column":44},"end":{"line":166,"column":1}},"line":157},"26":{"name":"(anonymous_26)","decl":{"start":{"line":160,"column":38},"end":{"line":160,"column":39}},"loc":{"start":{"line":160,"column":56},"end":{"line":164,"column":3}},"line":160},"27":{"name":"(anonymous_27)","decl":{"start":{"line":168,"column":24},"end":{"line":168,"column":25}},"loc":{"start":{"line":168,"column":38},"end":{"line":168,"column":82}},"line":168},"28":{"name":"(anonymous_28)","decl":{"start":{"line":170,"column":28},"end":{"line":170,"column":29}},"loc":{"start":{"line":170,"column":42},"end":{"line":170,"column":90}},"line":170},"29":{"name":"(anonymous_29)","decl":{"start":{"line":172,"column":32},"end":{"line":172,"column":33}},"loc":{"start":{"line":172,"column":46},"end":{"line":172,"column":98}},"line":172},"30":{"name":"(anonymous_30)","decl":{"start":{"line":174,"column":27},"end":{"line":174,"column":28}},"loc":{"start":{"line":174,"column":41},"end":{"line":174,"column":88}},"line":174}},"branchMap":{"0":{"loc":{"start":{"line":14,"column":8},"end":{"line":14,"column":94}},"type":"if","locations":[{"start":{"line":14,"column":8},"end":{"line":14,"column":94}},{"start":{"line":14,"column":8},"end":{"line":14,"column":94}}],"line":14},"1":{"loc":{"start":{"line":15,"column":8},"end":{"line":15,"column":96}},"type":"if","locations":[{"start":{"line":15,"column":8},"end":{"line":15,"column":96}},{"start":{"line":15,"column":8},"end":{"line":15,"column":96}}],"line":15},"2":{"loc":{"start":{"line":25,"column":8},"end":{"line":25,"column":94}},"type":"if","locations":[{"start":{"line":25,"column":8},"end":{"line":25,"column":94}},{"start":{"line":25,"column":8},"end":{"line":25,"column":94}}],"line":25},"3":{"loc":{"start":{"line":26,"column":8},"end":{"line":26,"column":100}},"type":"if","locations":[{"start":{"line":26,"column":8},"end":{"line":26,"column":100}},{"start":{"line":26,"column":8},"end":{"line":26,"column":100}}],"line":26},"4":{"loc":{"start":{"line":34,"column":8},"end":{"line":34,"column":94}},"type":"if","locations":[{"start":{"line":34,"column":8},"end":{"line":34,"column":94}},{"start":{"line":34,"column":8},"end":{"line":34,"column":94}}],"line":34},"5":{"loc":{"start":{"line":35,"column":8},"end":{"line":35,"column":124}},"type":"if","locations":[{"start":{"line":35,"column":8},"end":{"line":35,"column":124}},{"start":{"line":35,"column":8},"end":{"line":35,"column":124}}],"line":35},"6":{"loc":{"start":{"line":43,"column":8},"end":{"line":43,"column":94}},"type":"if","locations":[{"start":{"line":43,"column":8},"end":{"line":43,"column":94}},{"start":{"line":43,"column":8},"end":{"line":43,"column":94}}],"line":43},"7":{"loc":{"start":{"line":44,"column":8},"end":{"line":44,"column":130}},"type":"if","locations":[{"start":{"line":44,"column":8},"end":{"line":44,"column":130}},{"start":{"line":44,"column":8},"end":{"line":44,"column":130}}],"line":44},"8":{"loc":{"start":{"line":52,"column":8},"end":{"line":52,"column":94}},"type":"if","locations":[{"start":{"line":52,"column":8},"end":{"line":52,"column":94}},{"start":{"line":52,"column":8},"end":{"line":52,"column":94}}],"line":52},"9":{"loc":{"start":{"line":53,"column":8},"end":{"line":53,"column":122}},"type":"if","locations":[{"start":{"line":53,"column":8},"end":{"line":53,"column":122}},{"start":{"line":53,"column":8},"end":{"line":53,"column":122}}],"line":53},"10":{"loc":{"start":{"line":87,"column":8},"end":{"line":87,"column":92}},"type":"if","locations":[{"start":{"line":87,"column":8},"end":{"line":87,"column":92}},{"start":{"line":87,"column":8},"end":{"line":87,"column":92}}],"line":87},"11":{"loc":{"start":{"line":95,"column":8},"end":{"line":95,"column":94}},"type":"if","locations":[{"start":{"line":95,"column":8},"end":{"line":95,"column":94}},{"start":{"line":95,"column":8},"end":{"line":95,"column":94}}],"line":95},"12":{"loc":{"start":{"line":96,"column":8},"end":{"line":96,"column":90}},"type":"if","locations":[{"start":{"line":96,"column":8},"end":{"line":96,"column":90}},{"start":{"line":96,"column":8},"end":{"line":96,"column":90}}],"line":96},"13":{"loc":{"start":{"line":108,"column":8},"end":{"line":108,"column":96}},"type":"if","locations":[{"start":{"line":108,"column":8},"end":{"line":108,"column":96}},{"start":{"line":108,"column":8},"end":{"line":108,"column":96}}],"line":108},"14":{"loc":{"start":{"line":109,"column":8},"end":{"line":109,"column":101}},"type":"if","locations":[{"start":{"line":109,"column":8},"end":{"line":109,"column":101}},{"start":{"line":109,"column":8},"end":{"line":109,"column":101}}],"line":109},"15":{"loc":{"start":{"line":120,"column":2},"end":{"line":120,"column":44}},"type":"if","locations":[{"start":{"line":120,"column":2},"end":{"line":120,"column":44}},{"start":{"line":120,"column":2},"end":{"line":120,"column":44}}],"line":120},"16":{"loc":{"start":{"line":139,"column":3},"end":{"line":139,"column":89}},"type":"if","locations":[{"start":{"line":139,"column":3},"end":{"line":139,"column":89}},{"start":{"line":139,"column":3},"end":{"line":139,"column":89}}],"line":139},"17":{"loc":{"start":{"line":140,"column":3},"end":{"line":140,"column":91}},"type":"if","locations":[{"start":{"line":140,"column":3},"end":{"line":140,"column":91}},{"start":{"line":140,"column":3},"end":{"line":140,"column":91}}],"line":140},"18":{"loc":{"start":{"line":150,"column":3},"end":{"line":150,"column":89}},"type":"if","locations":[{"start":{"line":150,"column":3},"end":{"line":150,"column":89}},{"start":{"line":150,"column":3},"end":{"line":150,"column":89}}],"line":150},"19":{"loc":{"start":{"line":151,"column":3},"end":{"line":151,"column":91}},"type":"if","locations":[{"start":{"line":151,"column":3},"end":{"line":151,"column":91}},{"start":{"line":151,"column":3},"end":{"line":151,"column":91}}],"line":151},"20":{"loc":{"start":{"line":161,"column":3},"end":{"line":161,"column":89}},"type":"if","locations":[{"start":{"line":161,"column":3},"end":{"line":161,"column":89}},{"start":{"line":161,"column":3},"end":{"line":161,"column":89}}],"line":161},"21":{"loc":{"start":{"line":162,"column":3},"end":{"line":162,"column":91}},"type":"if","locations":[{"start":{"line":162,"column":3},"end":{"line":162,"column":91}},{"start":{"line":162,"column":3},"end":{"line":162,"column":91}}],"line":162}},"s":{"0":1,"1":1,"2":1,"3":0,"4":1,"5":0,"6":0,"7":0,"8":0,"9":0,"10":0,"11":0,"12":0,"13":1,"14":0,"15":0,"16":0,"17":0,"18":0,"19":0,"20":0,"21":0,"22":0,"23":0,"24":0,"25":0,"26":0,"27":0,"28":0,"29":0,"30":0,"31":0,"32":0,"33":0,"34":0,"35":0,"36":0,"37":0,"38":0,"39":0,"40":0,"41":0,"42":0,"43":0,"44":0,"45":0,"46":0,"47":0,"48":0,"49":0,"50":0,"51":0,"52":0,"53":0,"54":0,"55":0,"56":0,"57":0,"58":0,"59":0,"60":0,"61":0,"62":0,"63":0,"64":0,"65":0,"66":0,"67":0,"68":0,"69":0,"70":0,"71":0,"72":0,"73":0,"74":0,"75":0,"76":0,"77":0,"78":0,"79":0,"80":0,"81":0,"82":0,"83":0,"84":0,"85":0,"86":0,"87":0,"88":0,"89":0,"90":0,"91":0,"92":0,"93":0,"94":0,"95":0,"96":0,"97":0,"98":0,"99":0,"100":0,"101":0,"102":0,"103":0,"104":0,"105":0,"106":0,"107":0,"108":0,"109":0,"110":0,"111":0,"112":0,"113":1,"114":0,"115":1,"116":0,"117":1,"118":0,"119":1,"120":0,"121":1},"f":{"0":0,"1":0,"2":0,"3":0,"4":0,"5":0,"6":0,"7":0,"8":0,"9":0,"10":0,"11":0,"12":0,"13":0,"14":0,"15":0,"16":0,"17":0,"18":0,"19":0,"20":0,"21":0,"22":0,"23":0,"24":0,"25":0,"26":0,"27":0,"28":0,"29":0,"30":0},"b":{"0":[0,0],"1":[0,0],"2":[0,0],"3":[0,0],"4":[0,0],"5":[0,0],"6":[0,0],"7":[0,0],"8":[0,0],"9":[0,0],"10":[0,0],"11":[0,0],"12":[0,0],"13":[0,0],"14":[0,0],"15":[0,0],"16":[0,0],"17":[0,0],"18":[0,0],"19":[0,0],"20":[0,0],"21":[0,0]},"_coverageSchema":"43e27e138ebf9cfc5966b082cf9a028302ed4184","hash":"ab0b8a4e2c6d68eabfa615b5bac58cd354beca3c","contentHash":"1c0ea0ab5a4e97f681d1eede0eaac6e3f7ae11043c6e4071c6e8e8031c3579b0"},"C:\\Users\\H227598\\Desktop\\Verificacion y Validacion\\Museo2\\museoApi\\models\\excavacion.js":{"path":"C:\\Users\\H227598\\Desktop\\Verificacion y Validacion\\Museo2\\museoApi\\models\\excavacion.js","statementMap":{"0":{"start":{"line":2,"column":17},"end":{"line":2,"column":36}},"1":{"start":{"line":3,"column":16},"end":{"line":3,"column":31}},"2":{"start":{"line":6,"column":14},"end":{"line":9,"column":2}},"3":{"start":{"line":11,"column":20},"end":{"line":21,"column":2}},"4":{"start":{"line":23,"column":25},"end":{"line":48,"column":2}},"5":{"start":{"line":50,"column":0},"end":{"line":50,"column":64}}},"fnMap":{},"branchMap":{},"s":{"0":1,"1":1,"2":1,"3":1,"4":1,"5":1},"f":{},"b":{},"_coverageSchema":"43e27e138ebf9cfc5966b082cf9a028302ed4184","hash":"8d41579c81ffb09d90297548d21d55fb3731ab0e","contentHash":"96bb42c14de1593f80ca5516b1081331087cbfd8334d47dd7df7de4083174fa1"},"C:\\Users\\H227598\\Desktop\\Verificacion y Validacion\\Museo2\\museoApi\\services\\excavacion.js":{"path":"C:\\Users\\H227598\\Desktop\\Verificacion y Validacion\\Museo2\\museoApi\\services\\excavacion.js","statementMap":{"0":{"start":{"line":1,"column":19},"end":{"line":1,"column":50}},"1":{"start":{"line":2,"column":21},"end":{"line":2,"column":38}},"2":{"start":{"line":3,"column":28},"end":{"line":3,"column":52}},"3":{"start":{"line":6,"column":0},"end":{"line":35,"column":2}},"4":{"start":{"line":7,"column":23},"end":{"line":7,"column":46}},"5":{"start":{"line":8,"column":27},"end":{"line":8,"column":29}},"6":{"start":{"line":10,"column":2},"end":{"line":34,"column":81}},"7":{"start":{"line":12,"column":4},"end":{"line":12,"column":55}},"8":{"start":{"line":14,"column":4},"end":{"line":32,"column":91}},"9":{"start":{"line":16,"column":6},"end":{"line":16,"column":47}},"10":{"start":{"line":18,"column":6},"end":{"line":30,"column":9}},"11":{"start":{"line":20,"column":8},"end":{"line":20,"column":53}},"12":{"start":{"line":22,"column":8},"end":{"line":29,"column":10}},"13":{"start":{"line":24,"column":32},"end":{"line":24,"column":34}},"14":{"start":{"line":25,"column":10},"end":{"line":25,"column":52}},"15":{"start":{"line":26,"column":10},"end":{"line":26,"column":63}},"16":{"start":{"line":28,"column":10},"end":{"line":28,"column":55}},"17":{"start":{"line":32,"column":18},"end":{"line":32,"column":89}},"18":{"start":{"line":34,"column":16},"end":{"line":34,"column":79}},"19":{"start":{"line":37,"column":0},"end":{"line":73,"column":2}},"20":{"start":{"line":38,"column":2},"end":{"line":72,"column":80}},"21":{"start":{"line":40,"column":34},"end":{"line":64,"column":6}},"22":{"start":{"line":41,"column":31},"end":{"line":41,"column":33}},"23":{"start":{"line":42,"column":6},"end":{"line":42,"column":57}},"24":{"start":{"line":44,"column":6},"end":{"line":63,"column":9}},"25":{"start":{"line":46,"column":8},"end":{"line":46,"column":49}},"26":{"start":{"line":48,"column":8},"end":{"line":62,"column":11}},"27":{"start":{"line":50,"column":10},"end":{"line":61,"column":34}},"28":{"start":{"line":51,"column":12},"end":{"line":51,"column":57}},"29":{"start":{"line":53,"column":12},"end":{"line":60,"column":15}},"30":{"start":{"line":55,"column":36},"end":{"line":55,"column":38}},"31":{"start":{"line":56,"column":14},"end":{"line":56,"column":56}},"32":{"start":{"line":57,"column":14},"end":{"line":57,"column":67}},"33":{"start":{"line":59,"column":14},"end":{"line":59,"column":40}},"34":{"start":{"line":61,"column":17},"end":{"line":61,"column":34}},"35":{"start":{"line":66,"column":4},"end":{"line":70,"column":7}},"36":{"start":{"line":68,"column":6},"end":{"line":68,"column":77}},"37":{"start":{"line":68,"column":58},"end":{"line":68,"column":75}},"38":{"start":{"line":69,"column":6},"end":{"line":69,"column":64}},"39":{"start":{"line":72,"column":15},"end":{"line":72,"column":78}},"40":{"start":{"line":75,"column":0},"end":{"line":103,"column":2}},"41":{"start":{"line":76,"column":23},"end":{"line":76,"column":46}},"42":{"start":{"line":77,"column":27},"end":{"line":77,"column":29}},"43":{"start":{"line":79,"column":2},"end":{"line":102,"column":80}},"44":{"start":{"line":81,"column":4},"end":{"line":81,"column":55}},"45":{"start":{"line":83,"column":4},"end":{"line":100,"column":7}},"46":{"start":{"line":85,"column":6},"end":{"line":85,"column":47}},"47":{"start":{"line":87,"column":6},"end":{"line":99,"column":9}},"48":{"start":{"line":89,"column":8},"end":{"line":89,"column":53}},"49":{"start":{"line":91,"column":8},"end":{"line":98,"column":10}},"50":{"start":{"line":93,"column":32},"end":{"line":93,"column":34}},"51":{"start":{"line":94,"column":10},"end":{"line":94,"column":52}},"52":{"start":{"line":95,"column":10},"end":{"line":95,"column":63}},"53":{"start":{"line":97,"column":10},"end":{"line":97,"column":67}},"54":{"start":{"line":102,"column":15},"end":{"line":102,"column":78}},"55":{"start":{"line":105,"column":0},"end":{"line":138,"column":2}},"56":{"start":{"line":107,"column":2},"end":{"line":137,"column":113}},"57":{"start":{"line":110,"column":4},"end":{"line":135,"column":6}},"58":{"start":{"line":113,"column":37},"end":{"line":113,"column":45}},"59":{"start":{"line":114,"column":23},"end":{"line":117,"column":7}},"60":{"start":{"line":119,"column":25},"end":{"line":127,"column":8}},"61":{"start":{"line":129,"column":6},"end":{"line":134,"column":109}},"62":{"start":{"line":131,"column":10},"end":{"line":132,"column":59}},"63":{"start":{"line":132,"column":22},"end":{"line":132,"column":58}},"64":{"start":{"line":134,"column":21},"end":{"line":134,"column":108}},"65":{"start":{"line":137,"column":15},"end":{"line":137,"column":111}},"66":{"start":{"line":140,"column":0},"end":{"line":161,"column":2}},"67":{"start":{"line":141,"column":2},"end":{"line":160,"column":4}},"68":{"start":{"line":143,"column":4},"end":{"line":148,"column":5}},"69":{"start":{"line":144,"column":23},"end":{"line":144,"column":42}},"70":{"start":{"line":145,"column":6},"end":{"line":145,"column":96}},"71":{"start":{"line":146,"column":6},"end":{"line":147,"column":111}},"72":{"start":{"line":147,"column":19},"end":{"line":147,"column":109}},"73":{"start":{"line":150,"column":4},"end":{"line":158,"column":5}},"74":{"start":{"line":151,"column":6},"end":{"line":157,"column":45}},"75":{"start":{"line":153,"column":8},"end":{"line":155,"column":100}},"76":{"start":{"line":154,"column":20},"end":{"line":154,"column":100}},"77":{"start":{"line":155,"column":21},"end":{"line":155,"column":98}},"78":{"start":{"line":157,"column":22},"end":{"line":157,"column":43}},"79":{"start":{"line":159,"column":4},"end":{"line":159,"column":92}},"80":{"start":{"line":163,"column":0},"end":{"line":167,"column":2}},"81":{"start":{"line":164,"column":2},"end":{"line":166,"column":89}},"82":{"start":{"line":165,"column":14},"end":{"line":165,"column":85}},"83":{"start":{"line":166,"column":16},"end":{"line":166,"column":87}},"84":{"start":{"line":170,"column":0},"end":{"line":178,"column":2}}},"fnMap":{"0":{"name":"(anonymous_0)","decl":{"start":{"line":6,"column":16},"end":{"line":6,"column":17}},"loc":{"start":{"line":6,"column":30},"end":{"line":35,"column":1}},"line":6},"1":{"name":"(anonymous_1)","decl":{"start":{"line":11,"column":8},"end":{"line":11,"column":9}},"loc":{"start":{"line":11,"column":22},"end":{"line":33,"column":3}},"line":11},"2":{"name":"(anonymous_2)","decl":{"start":{"line":15,"column":10},"end":{"line":15,"column":11}},"loc":{"start":{"line":15,"column":18},"end":{"line":31,"column":5}},"line":15},"3":{"name":"(anonymous_3)","decl":{"start":{"line":19,"column":12},"end":{"line":19,"column":13}},"loc":{"start":{"line":19,"column":27},"end":{"line":30,"column":7}},"line":19},"4":{"name":"(anonymous_4)","decl":{"start":{"line":23,"column":14},"end":{"line":23,"column":15}},"loc":{"start":{"line":23,"column":22},"end":{"line":29,"column":9}},"line":23},"5":{"name":"(anonymous_5)","decl":{"start":{"line":32,"column":11},"end":{"line":32,"column":12}},"loc":{"start":{"line":32,"column":18},"end":{"line":32,"column":89}},"line":32},"6":{"name":"(anonymous_6)","decl":{"start":{"line":34,"column":9},"end":{"line":34,"column":10}},"loc":{"start":{"line":34,"column":16},"end":{"line":34,"column":79}},"line":34},"7":{"name":"(anonymous_7)","decl":{"start":{"line":37,"column":18},"end":{"line":37,"column":19}},"loc":{"start":{"line":37,"column":32},"end":{"line":73,"column":1}},"line":37},"8":{"name":"(anonymous_8)","decl":{"start":{"line":39,"column":8},"end":{"line":39,"column":9}},"loc":{"start":{"line":39,"column":24},"end":{"line":71,"column":3}},"line":39},"9":{"name":"(anonymous_9)","decl":{"start":{"line":40,"column":51},"end":{"line":40,"column":52}},"loc":{"start":{"line":40,"column":65},"end":{"line":64,"column":5}},"line":40},"10":{"name":"(anonymous_10)","decl":{"start":{"line":45,"column":12},"end":{"line":45,"column":13}},"loc":{"start":{"line":45,"column":20},"end":{"line":63,"column":7}},"line":45},"11":{"name":"(anonymous_11)","decl":{"start":{"line":49,"column":14},"end":{"line":49,"column":15}},"loc":{"start":{"line":49,"column":29},"end":{"line":62,"column":9}},"line":49},"12":{"name":"(anonymous_12)","decl":{"start":{"line":54,"column":18},"end":{"line":54,"column":19}},"loc":{"start":{"line":54,"column":26},"end":{"line":60,"column":13}},"line":54},"13":{"name":"(anonymous_13)","decl":{"start":{"line":67,"column":10},"end":{"line":67,"column":11}},"loc":{"start":{"line":67,"column":31},"end":{"line":70,"column":5}},"line":67},"14":{"name":"(anonymous_14)","decl":{"start":{"line":68,"column":51},"end":{"line":68,"column":52}},"loc":{"start":{"line":68,"column":58},"end":{"line":68,"column":75}},"line":68},"15":{"name":"(anonymous_15)","decl":{"start":{"line":72,"column":9},"end":{"line":72,"column":10}},"loc":{"start":{"line":72,"column":15},"end":{"line":72,"column":78}},"line":72},"16":{"name":"(anonymous_16)","decl":{"start":{"line":75,"column":20},"end":{"line":75,"column":21}},"loc":{"start":{"line":75,"column":34},"end":{"line":103,"column":1}},"line":75},"17":{"name":"(anonymous_17)","decl":{"start":{"line":80,"column":8},"end":{"line":80,"column":9}},"loc":{"start":{"line":80,"column":22},"end":{"line":101,"column":3}},"line":80},"18":{"name":"(anonymous_18)","decl":{"start":{"line":84,"column":10},"end":{"line":84,"column":11}},"loc":{"start":{"line":84,"column":18},"end":{"line":100,"column":5}},"line":84},"19":{"name":"(anonymous_19)","decl":{"start":{"line":88,"column":12},"end":{"line":88,"column":13}},"loc":{"start":{"line":88,"column":27},"end":{"line":99,"column":7}},"line":88},"20":{"name":"(anonymous_20)","decl":{"start":{"line":92,"column":14},"end":{"line":92,"column":15}},"loc":{"start":{"line":92,"column":22},"end":{"line":98,"column":9}},"line":92},"21":{"name":"(anonymous_21)","decl":{"start":{"line":102,"column":9},"end":{"line":102,"column":10}},"loc":{"start":{"line":102,"column":15},"end":{"line":102,"column":78}},"line":102},"22":{"name":"(anonymous_22)","decl":{"start":{"line":105,"column":18},"end":{"line":105,"column":19}},"loc":{"start":{"line":105,"column":32},"end":{"line":138,"column":1}},"line":105},"23":{"name":"(anonymous_23)","decl":{"start":{"line":108,"column":8},"end":{"line":108,"column":9}},"loc":{"start":{"line":108,"column":23},"end":{"line":136,"column":3}},"line":108},"24":{"name":"(anonymous_24)","decl":{"start":{"line":111,"column":10},"end":{"line":111,"column":11}},"loc":{"start":{"line":111,"column":18},"end":{"line":135,"column":5}},"line":111},"25":{"name":"(anonymous_25)","decl":{"start":{"line":130,"column":14},"end":{"line":130,"column":15}},"loc":{"start":{"line":130,"column":28},"end":{"line":133,"column":9}},"line":130},"26":{"name":"(anonymous_26)","decl":{"start":{"line":132,"column":16},"end":{"line":132,"column":17}},"loc":{"start":{"line":132,"column":22},"end":{"line":132,"column":58}},"line":132},"27":{"name":"(anonymous_27)","decl":{"start":{"line":134,"column":15},"end":{"line":134,"column":16}},"loc":{"start":{"line":134,"column":21},"end":{"line":134,"column":108}},"line":134},"28":{"name":"(anonymous_28)","decl":{"start":{"line":137,"column":9},"end":{"line":137,"column":10}},"loc":{"start":{"line":137,"column":15},"end":{"line":137,"column":111}},"line":137},"29":{"name":"(anonymous_29)","decl":{"start":{"line":140,"column":26},"end":{"line":140,"column":27}},"loc":{"start":{"line":140,"column":40},"end":{"line":161,"column":1}},"line":140},"30":{"name":"(anonymous_30)","decl":{"start":{"line":142,"column":8},"end":{"line":142,"column":9}},"loc":{"start":{"line":142,"column":22},"end":{"line":160,"column":3}},"line":142},"31":{"name":"(anonymous_31)","decl":{"start":{"line":147,"column":13},"end":{"line":147,"column":14}},"loc":{"start":{"line":147,"column":19},"end":{"line":147,"column":109}},"line":147},"32":{"name":"(anonymous_32)","decl":{"start":{"line":152,"column":12},"end":{"line":152,"column":13}},"loc":{"start":{"line":152,"column":30},"end":{"line":156,"column":7}},"line":152},"33":{"name":"(anonymous_33)","decl":{"start":{"line":154,"column":14},"end":{"line":154,"column":15}},"loc":{"start":{"line":154,"column":20},"end":{"line":154,"column":100}},"line":154},"34":{"name":"(anonymous_34)","decl":{"start":{"line":155,"column":15},"end":{"line":155,"column":16}},"loc":{"start":{"line":155,"column":21},"end":{"line":155,"column":98}},"line":155},"35":{"name":"(anonymous_35)","decl":{"start":{"line":157,"column":13},"end":{"line":157,"column":14}},"loc":{"start":{"line":157,"column":22},"end":{"line":157,"column":43}},"line":157},"36":{"name":"(anonymous_36)","decl":{"start":{"line":163,"column":21},"end":{"line":163,"column":22}},"loc":{"start":{"line":163,"column":35},"end":{"line":167,"column":1}},"line":163},"37":{"name":"(anonymous_37)","decl":{"start":{"line":165,"column":8},"end":{"line":165,"column":9}},"loc":{"start":{"line":165,"column":14},"end":{"line":165,"column":85}},"line":165},"38":{"name":"(anonymous_38)","decl":{"start":{"line":166,"column":9},"end":{"line":166,"column":10}},"loc":{"start":{"line":166,"column":16},"end":{"line":166,"column":87}},"line":166}},"branchMap":{"0":{"loc":{"start":{"line":50,"column":10},"end":{"line":61,"column":34}},"type":"if","locations":[{"start":{"line":50,"column":10},"end":{"line":61,"column":34}},{"start":{"line":50,"column":10},"end":{"line":61,"column":34}}],"line":50},"1":{"loc":{"start":{"line":143,"column":4},"end":{"line":148,"column":5}},"type":"if","locations":[{"start":{"line":143,"column":4},"end":{"line":148,"column":5}},{"start":{"line":143,"column":4},"end":{"line":148,"column":5}}],"line":143},"2":{"loc":{"start":{"line":150,"column":4},"end":{"line":158,"column":5}},"type":"if","locations":[{"start":{"line":150,"column":4},"end":{"line":158,"column":5}},{"start":{"line":150,"column":4},"end":{"line":158,"column":5}}],"line":150}},"s":{"0":1,"1":1,"2":1,"3":1,"4":0,"5":0,"6":0,"7":0,"8":0,"9":0,"10":0,"11":0,"12":0,"13":0,"14":0,"15":0,"16":0,"17":0,"18":0,"19":1,"20":0,"21":0,"22":0,"23":0,"24":0,"25":0,"26":0,"27":0,"28":0,"29":0,"30":0,"31":0,"32":0,"33":0,"34":0,"35":0,"36":0,"37":0,"38":0,"39":0,"40":1,"41":0,"42":0,"43":0,"44":0,"45":0,"46":0,"47":0,"48":0,"49":0,"50":0,"51":0,"52":0,"53":0,"54":0,"55":1,"56":0,"57":0,"58":0,"59":0,"60":0,"61":0,"62":0,"63":0,"64":0,"65":0,"66":1,"67":0,"68":0,"69":0,"70":0,"71":0,"72":0,"73":0,"74":0,"75":0,"76":0,"77":0,"78":0,"79":0,"80":1,"81":0,"82":0,"83":0,"84":1},"f":{"0":0,"1":0,"2":0,"3":0,"4":0,"5":0,"6":0,"7":0,"8":0,"9":0,"10":0,"11":0,"12":0,"13":0,"14":0,"15":0,"16":0,"17":0,"18":0,"19":0,"20":0,"21":0,"22":0,"23":0,"24":0,"25":0,"26":0,"27":0,"28":0,"29":0,"30":0,"31":0,"32":0,"33":0,"34":0,"35":0,"36":0,"37":0,"38":0},"b":{"0":[0,0],"1":[0,0],"2":[0,0]},"_coverageSchema":"43e27e138ebf9cfc5966b082cf9a028302ed4184","hash":"cad2eb9c2cd554d17408a94ace7f781d9df29e53","contentHash":"b3c0c5dc9f2e02670e1c0ceedd0c45e65c3e69183437d0da7a976c3772d79b52"},"C:\\Users\\H227598\\Desktop\\Verificacion y Validacion\\Museo2\\museoApi\\services\\area.js":{"path":"C:\\Users\\H227598\\Desktop\\Verificacion y Validacion\\Museo2\\museoApi\\services\\area.js","statementMap":{"0":{"start":{"line":1,"column":13},"end":{"line":1,"column":38}},"1":{"start":{"line":4,"column":0},"end":{"line":4,"column":46}},"2":{"start":{"line":4,"column":24},"end":{"line":4,"column":45}},"3":{"start":{"line":6,"column":0},"end":{"line":26,"column":2}},"4":{"start":{"line":7,"column":22},"end":{"line":7,"column":24}},"5":{"start":{"line":8,"column":2},"end":{"line":10,"column":5}},"6":{"start":{"line":9,"column":4},"end":{"line":9,"column":45}},"7":{"start":{"line":11,"column":2},"end":{"line":11,"column":68}},"8":{"start":{"line":12,"column":19},"end":{"line":15,"column":3}},"9":{"start":{"line":17,"column":15},"end":{"line":23,"column":4}},"10":{"start":{"line":25,"column":2},"end":{"line":25,"column":21}},"11":{"start":{"line":28,"column":0},"end":{"line":33,"column":2}},"12":{"start":{"line":29,"column":19},"end":{"line":31,"column":3}},"13":{"start":{"line":30,"column":37},"end":{"line":30,"column":53}},"14":{"start":{"line":32,"column":2},"end":{"line":32,"column":61}},"15":{"start":{"line":35,"column":0},"end":{"line":43,"column":2}},"16":{"start":{"line":36,"column":4},"end":{"line":36,"column":62}},"17":{"start":{"line":45,"column":0},"end":{"line":50,"column":2}}},"fnMap":{"0":{"name":"(anonymous_0)","decl":{"start":{"line":4,"column":14},"end":{"line":4,"column":15}},"loc":{"start":{"line":4,"column":24},"end":{"line":4,"column":45}},"line":4},"1":{"name":"(anonymous_1)","decl":{"start":{"line":6,"column":12},"end":{"line":6,"column":13}},"loc":{"start":{"line":6,"column":24},"end":{"line":26,"column":1}},"line":6},"2":{"name":"(anonymous_2)","decl":{"start":{"line":8,"column":26},"end":{"line":8,"column":27}},"loc":{"start":{"line":8,"column":35},"end":{"line":10,"column":3}},"line":8},"3":{"name":"(anonymous_3)","decl":{"start":{"line":28,"column":16},"end":{"line":28,"column":17}},"loc":{"start":{"line":28,"column":39},"end":{"line":33,"column":1}},"line":28},"4":{"name":"(anonymous_4)","decl":{"start":{"line":30,"column":32},"end":{"line":30,"column":33}},"loc":{"start":{"line":30,"column":37},"end":{"line":30,"column":53}},"line":30},"5":{"name":"(anonymous_5)","decl":{"start":{"line":35,"column":15},"end":{"line":35,"column":16}},"loc":{"start":{"line":35,"column":29},"end":{"line":43,"column":1}},"line":35}},"branchMap":{},"s":{"0":1,"1":1,"2":0,"3":1,"4":0,"5":0,"6":0,"7":0,"8":0,"9":0,"10":0,"11":1,"12":0,"13":0,"14":0,"15":1,"16":0,"17":1},"f":{"0":0,"1":0,"2":0,"3":0,"4":0,"5":0},"b":{},"_coverageSchema":"43e27e138ebf9cfc5966b082cf9a028302ed4184","hash":"c8701ed15e6bb521aabe107de919213ba17d0c35","contentHash":"f2ab4c59a803585d46f1db5a3f39a165c3fe3a2bcda39ffdbc70ce77346f5e65"},"C:\\Users\\H227598\\Desktop\\Verificacion y Validacion\\Museo2\\museoApi\\models\\area.js":{"path":"C:\\Users\\H227598\\Desktop\\Verificacion y Validacion\\Museo2\\museoApi\\models\\area.js","statementMap":{"0":{"start":{"line":2,"column":17},"end":{"line":2,"column":36}},"1":{"start":{"line":3,"column":16},"end":{"line":3,"column":31}},"2":{"start":{"line":6,"column":22},"end":{"line":16,"column":2}},"3":{"start":{"line":18,"column":19},"end":{"line":25,"column":2}},"4":{"start":{"line":27,"column":0},"end":{"line":27,"column":52}}},"fnMap":{},"branchMap":{},"s":{"0":1,"1":1,"2":1,"3":1,"4":1},"f":{},"b":{},"_coverageSchema":"43e27e138ebf9cfc5966b082cf9a028302ed4184","hash":"0bbab64ffb4b550d44f5be915c55ef869336f277","contentHash":"00750ced030f2c83c1276631dddfb5502f7f2e8a1269203399c8dd09de31789e"},"C:\\Users\\H227598\\Desktop\\Verificacion y Validacion\\Museo2\\museoApi\\services\\exploracion.js":{"path":"C:\\Users\\H227598\\Desktop\\Verificacion y Validacion\\Museo2\\museoApi\\services\\exploracion.js","statementMap":{"0":{"start":{"line":1,"column":20},"end":{"line":1,"column":52}},"1":{"start":{"line":2,"column":19},"end":{"line":2,"column":50}},"2":{"start":{"line":4,"column":21},"end":{"line":4,"column":38}},"3":{"start":{"line":7,"column":0},"end":{"line":23,"column":1}},"4":{"start":{"line":8,"column":2},"end":{"line":22,"column":76}},"5":{"start":{"line":10,"column":29},"end":{"line":10,"column":31}},"6":{"start":{"line":11,"column":4},"end":{"line":11,"column":55}},"7":{"start":{"line":13,"column":4},"end":{"line":20,"column":7}},"8":{"start":{"line":15,"column":27},"end":{"line":15,"column":29}},"9":{"start":{"line":16,"column":6},"end":{"line":16,"column":47}},"10":{"start":{"line":17,"column":6},"end":{"line":17,"column":57}},"11":{"start":{"line":19,"column":6},"end":{"line":19,"column":32}},"12":{"start":{"line":22,"column":16},"end":{"line":22,"column":74}},"13":{"start":{"line":25,"column":0},"end":{"line":46,"column":2}},"14":{"start":{"line":26,"column":2},"end":{"line":45,"column":80}},"15":{"start":{"line":28,"column":32},"end":{"line":28,"column":34}},"16":{"start":{"line":29,"column":4},"end":{"line":29,"column":57}},"17":{"start":{"line":31,"column":4},"end":{"line":43,"column":7}},"18":{"start":{"line":33,"column":28},"end":{"line":33,"column":30}},"19":{"start":{"line":34,"column":6},"end":{"line":34,"column":48}},"20":{"start":{"line":35,"column":6},"end":{"line":35,"column":60}},"21":{"start":{"line":37,"column":36},"end":{"line":37,"column":115}},"22":{"start":{"line":37,"column":83},"end":{"line":37,"column":114}},"23":{"start":{"line":38,"column":6},"end":{"line":42,"column":8}},"24":{"start":{"line":40,"column":8},"end":{"line":40,"column":49}},"25":{"start":{"line":41,"column":8},"end":{"line":41,"column":67}},"26":{"start":{"line":45,"column":15},"end":{"line":45,"column":78}},"27":{"start":{"line":48,"column":0},"end":{"line":76,"column":2}},"28":{"start":{"line":49,"column":2},"end":{"line":75,"column":80}},"29":{"start":{"line":51,"column":35},"end":{"line":68,"column":6}},"30":{"start":{"line":52,"column":32},"end":{"line":52,"column":34}},"31":{"start":{"line":53,"column":6},"end":{"line":53,"column":59}},"32":{"start":{"line":55,"column":6},"end":{"line":67,"column":9}},"33":{"start":{"line":57,"column":30},"end":{"line":57,"column":32}},"34":{"start":{"line":58,"column":8},"end":{"line":58,"column":50}},"35":{"start":{"line":59,"column":8},"end":{"line":59,"column":62}},"36":{"start":{"line":61,"column":38},"end":{"line":61,"column":117}},"37":{"start":{"line":61,"column":85},"end":{"line":61,"column":116}},"38":{"start":{"line":62,"column":8},"end":{"line":66,"column":10}},"39":{"start":{"line":64,"column":10},"end":{"line":64,"column":51}},"40":{"start":{"line":65,"column":10},"end":{"line":65,"column":37}},"41":{"start":{"line":70,"column":4},"end":{"line":73,"column":7}},"42":{"start":{"line":72,"column":6},"end":{"line":72,"column":46}},"43":{"start":{"line":75,"column":15},"end":{"line":75,"column":78}},"44":{"start":{"line":78,"column":0},"end":{"line":94,"column":2}},"45":{"start":{"line":79,"column":2},"end":{"line":93,"column":77}},"46":{"start":{"line":81,"column":32},"end":{"line":81,"column":34}},"47":{"start":{"line":82,"column":4},"end":{"line":82,"column":57}},"48":{"start":{"line":84,"column":4},"end":{"line":91,"column":7}},"49":{"start":{"line":86,"column":28},"end":{"line":86,"column":30}},"50":{"start":{"line":87,"column":6},"end":{"line":87,"column":48}},"51":{"start":{"line":88,"column":6},"end":{"line":88,"column":60}},"52":{"start":{"line":90,"column":6},"end":{"line":90,"column":33}},"53":{"start":{"line":93,"column":16},"end":{"line":93,"column":75}},"54":{"start":{"line":96,"column":0},"end":{"line":106,"column":2}},"55":{"start":{"line":97,"column":2},"end":{"line":105,"column":93}},"56":{"start":{"line":99,"column":24},"end":{"line":102,"column":6}},"57":{"start":{"line":103,"column":4},"end":{"line":103,"column":30}},"58":{"start":{"line":105,"column":15},"end":{"line":105,"column":91}},"59":{"start":{"line":108,"column":0},"end":{"line":122,"column":2}},"60":{"start":{"line":109,"column":2},"end":{"line":120,"column":3}},"61":{"start":{"line":110,"column":4},"end":{"line":119,"column":7}},"62":{"start":{"line":112,"column":6},"end":{"line":118,"column":45}},"63":{"start":{"line":114,"column":8},"end":{"line":116,"column":101}},"64":{"start":{"line":115,"column":20},"end":{"line":115,"column":101}},"65":{"start":{"line":116,"column":21},"end":{"line":116,"column":99}},"66":{"start":{"line":118,"column":22},"end":{"line":118,"column":43}},"67":{"start":{"line":121,"column":2},"end":{"line":121,"column":27}},"68":{"start":{"line":124,"column":0},"end":{"line":129,"column":1}},"69":{"start":{"line":125,"column":23},"end":{"line":125,"column":49}},"70":{"start":{"line":126,"column":2},"end":{"line":126,"column":36}},"71":{"start":{"line":128,"column":2},"end":{"line":128,"column":83}},"72":{"start":{"line":131,"column":0},"end":{"line":131,"column":49}},"73":{"start":{"line":131,"column":28},"end":{"line":131,"column":48}},"74":{"start":{"line":134,"column":0},"end":{"line":142,"column":2}}},"fnMap":{"0":{"name":"(anonymous_0)","decl":{"start":{"line":7,"column":20},"end":{"line":7,"column":21}},"loc":{"start":{"line":7,"column":36},"end":{"line":23,"column":1}},"line":7},"1":{"name":"(anonymous_1)","decl":{"start":{"line":9,"column":8},"end":{"line":9,"column":9}},"loc":{"start":{"line":9,"column":22},"end":{"line":21,"column":3}},"line":9},"2":{"name":"(anonymous_2)","decl":{"start":{"line":14,"column":10},"end":{"line":14,"column":11}},"loc":{"start":{"line":14,"column":18},"end":{"line":20,"column":5}},"line":14},"3":{"name":"(anonymous_3)","decl":{"start":{"line":22,"column":9},"end":{"line":22,"column":10}},"loc":{"start":{"line":22,"column":16},"end":{"line":22,"column":74}},"line":22},"4":{"name":"(anonymous_4)","decl":{"start":{"line":25,"column":21},"end":{"line":25,"column":22}},"loc":{"start":{"line":25,"column":35},"end":{"line":46,"column":1}},"line":25},"5":{"name":"(anonymous_5)","decl":{"start":{"line":27,"column":8},"end":{"line":27,"column":9}},"loc":{"start":{"line":27,"column":23},"end":{"line":44,"column":3}},"line":27},"6":{"name":"(anonymous_6)","decl":{"start":{"line":32,"column":10},"end":{"line":32,"column":11}},"loc":{"start":{"line":32,"column":18},"end":{"line":43,"column":5}},"line":32},"7":{"name":"(anonymous_7)","decl":{"start":{"line":37,"column":67},"end":{"line":37,"column":68}},"loc":{"start":{"line":37,"column":83},"end":{"line":37,"column":114}},"line":37},"8":{"name":"(anonymous_8)","decl":{"start":{"line":39,"column":12},"end":{"line":39,"column":13}},"loc":{"start":{"line":39,"column":21},"end":{"line":42,"column":7}},"line":39},"9":{"name":"(anonymous_9)","decl":{"start":{"line":45,"column":9},"end":{"line":45,"column":10}},"loc":{"start":{"line":45,"column":15},"end":{"line":45,"column":78}},"line":45},"10":{"name":"(anonymous_10)","decl":{"start":{"line":48,"column":19},"end":{"line":48,"column":20}},"loc":{"start":{"line":48,"column":33},"end":{"line":76,"column":1}},"line":48},"11":{"name":"(anonymous_11)","decl":{"start":{"line":50,"column":8},"end":{"line":50,"column":9}},"loc":{"start":{"line":50,"column":25},"end":{"line":74,"column":3}},"line":50},"12":{"name":"(anonymous_12)","decl":{"start":{"line":51,"column":53},"end":{"line":51,"column":54}},"loc":{"start":{"line":51,"column":68},"end":{"line":68,"column":5}},"line":51},"13":{"name":"(anonymous_13)","decl":{"start":{"line":56,"column":12},"end":{"line":56,"column":13}},"loc":{"start":{"line":56,"column":20},"end":{"line":67,"column":7}},"line":56},"14":{"name":"(anonymous_14)","decl":{"start":{"line":61,"column":69},"end":{"line":61,"column":70}},"loc":{"start":{"line":61,"column":85},"end":{"line":61,"column":116}},"line":61},"15":{"name":"(anonymous_15)","decl":{"start":{"line":63,"column":14},"end":{"line":63,"column":15}},"loc":{"start":{"line":63,"column":23},"end":{"line":66,"column":9}},"line":63},"16":{"name":"(anonymous_16)","decl":{"start":{"line":71,"column":10},"end":{"line":71,"column":11}},"loc":{"start":{"line":71,"column":27},"end":{"line":73,"column":5}},"line":71},"17":{"name":"(anonymous_17)","decl":{"start":{"line":75,"column":9},"end":{"line":75,"column":10}},"loc":{"start":{"line":75,"column":15},"end":{"line":75,"column":78}},"line":75},"18":{"name":"(anonymous_18)","decl":{"start":{"line":78,"column":17},"end":{"line":78,"column":18}},"loc":{"start":{"line":78,"column":34},"end":{"line":94,"column":1}},"line":78},"19":{"name":"(anonymous_19)","decl":{"start":{"line":80,"column":8},"end":{"line":80,"column":9}},"loc":{"start":{"line":80,"column":23},"end":{"line":92,"column":3}},"line":80},"20":{"name":"(anonymous_20)","decl":{"start":{"line":85,"column":10},"end":{"line":85,"column":11}},"loc":{"start":{"line":85,"column":18},"end":{"line":91,"column":5}},"line":85},"21":{"name":"(anonymous_21)","decl":{"start":{"line":93,"column":9},"end":{"line":93,"column":10}},"loc":{"start":{"line":93,"column":16},"end":{"line":93,"column":75}},"line":93},"22":{"name":"(anonymous_22)","decl":{"start":{"line":96,"column":23},"end":{"line":96,"column":24}},"loc":{"start":{"line":96,"column":39},"end":{"line":106,"column":1}},"line":96},"23":{"name":"(anonymous_23)","decl":{"start":{"line":98,"column":8},"end":{"line":98,"column":9}},"loc":{"start":{"line":98,"column":16},"end":{"line":104,"column":3}},"line":98},"24":{"name":"(anonymous_24)","decl":{"start":{"line":105,"column":9},"end":{"line":105,"column":10}},"loc":{"start":{"line":105,"column":15},"end":{"line":105,"column":91}},"line":105},"25":{"name":"(anonymous_25)","decl":{"start":{"line":108,"column":27},"end":{"line":108,"column":28}},"loc":{"start":{"line":108,"column"
[...]
mous_5)","decl":{"start":{"line":25,"column":46},"end":{"line":25,"column":47}},"loc":{"start":{"line":25,"column":62},"end":{"line":29,"column":5}},"line":25},"6":{"name":"getejemplares","decl":{"start":{"line":32,"column":9},"end":{"line":32,"column":22}},"loc":{"start":{"line":32,"column":32},"end":{"line":38,"column":1}},"line":32},"7":{"name":"(anonymous_7)","decl":{"start":{"line":33,"column":21},"end":{"line":33,"column":22}},"loc":{"start":{"line":33,"column":39},"end":{"line":37,"column":5}},"line":33},"8":{"name":"getejemplarHome","decl":{"start":{"line":40,"column":9},"end":{"line":40,"column":24}},"loc":{"start":{"line":40,"column":35},"end":{"line":47,"column":1}},"line":40},"9":{"name":"(anonymous_9)","decl":{"start":{"line":42,"column":42},"end":{"line":42,"column":43}},"loc":{"start":{"line":42,"column":58},"end":{"line":46,"column":5}},"line":42},"10":{"name":"saveEjemplar","decl":{"start":{"line":49,"column":9},"end":{"line":49,"column":21}},"loc":{"start":{"line":49,"column":30},"end":{"line":89,"column":1}},"line":49},"11":{"name":"(anonymous_11)","decl":{"start":{"line":85,"column":18},"end":{"line":85,"column":19}},"loc":{"start":{"line":85,"column":42},"end":{"line":88,"column":5}},"line":85}},"branchMap":{"0":{"loc":{"start":{"line":8,"column":8},"end":{"line":8,"column":94}},"type":"if","locations":[{"start":{"line":8,"column":8},"end":{"line":8,"column":94}},{"start":{"line":8,"column":8},"end":{"line":8,"column":94}}],"line":8},"1":{"loc":{"start":{"line":9,"column":8},"end":{"line":9,"column":84}},"type":"if","locations":[{"start":{"line":9,"column":8},"end":{"line":9,"column":84}},{"start":{"line":9,"column":8},"end":{"line":9,"column":84}}],"line":9},"2":{"loc":{"start":{"line":17,"column":8},"end":{"line":17,"column":94}},"type":"if","locations":[{"start":{"line":17,"column":8},"end":{"line":17,"column":94}},{"start":{"line":17,"column":8},"end":{"line":17,"column":94}}],"line":17},"3":{"loc":{"start":{"line":18,"column":8},"end":{"line":18,"column":92}},"type":"if","locations":[{"start":{"line":18,"column":8},"end":{"line":18,"column":92}},{"start":{"line":18,"column":8},"end":{"line":18,"column":92}}],"line":18},"4":{"loc":{"start":{"line":26,"column":8},"end":{"line":26,"column":94}},"type":"if","locations":[{"start":{"line":26,"column":8},"end":{"line":26,"column":94}},{"start":{"line":26,"column":8},"end":{"line":26,"column":94}}],"line":26},"5":{"loc":{"start":{"line":27,"column":8},"end":{"line":27,"column":99}},"type":"if","locations":[{"start":{"line":27,"column":8},"end":{"line":27,"column":99}},{"start":{"line":27,"column":8},"end":{"line":27,"column":99}}],"line":27},"6":{"loc":{"start":{"line":34,"column":8},"end":{"line":34,"column":94}},"type":"if","locations":[{"start":{"line":34,"column":8},"end":{"line":34,"column":94}},{"start":{"line":34,"column":8},"end":{"line":34,"column":94}}],"line":34},"7":{"loc":{"start":{"line":35,"column":8},"end":{"line":35,"column":86}},"type":"if","locations":[{"start":{"line":35,"column":8},"end":{"line":35,"column":86}},{"start":{"line":35,"column":8},"end":{"line":35,"column":86}}],"line":35},"8":{"loc":{"start":{"line":43,"column":8},"end":{"line":43,"column":94}},"type":"if","locations":[{"start":{"line":43,"column":8},"end":{"line":43,"column":94}},{"start":{"line":43,"column":8},"end":{"line":43,"column":94}}],"line":43},"9":{"loc":{"start":{"line":44,"column":8},"end":{"line":44,"column":92}},"type":"if","locations":[{"start":{"line":44,"column":8},"end":{"line":44,"column":92}},{"start":{"line":44,"column":8},"end":{"line":44,"column":92}}],"line":44},"10":{"loc":{"start":{"line":86,"column":8},"end":{"line":86,"column":92}},"type":"if","locations":[{"start":{"line":86,"column":8},"end":{"line":86,"column":92}},{"start":{"line":86,"column":8},"end":{"line":86,"column":92}}],"line":86}},"s":{"0":1,"1":0,"2":0,"3":0,"4":0,"5":0,"6":0,"7":0,"8":0,"9":0,"10":0,"11":0,"12":0,"13":0,"14":0,"15":0,"16":0,"17":0,"18":0,"19":0,"20":0,"21":0,"22":0,"23":0,"24":0,"25":0,"26":0,"27":0,"28":0,"29":0,"30":0,"31":0,"32":0,"33":0,"34":0,"35":0,"36":0,"37":0,"38":0,"39":0,"40":0,"41":0,"42":0,"43":0,"44":0,"45":0,"46":0,"47":0,"48":0,"49":0,"50":0,"51":0,"52":0,"53":0,"54":0,"55":0,"56":0,"57":0,"58":0,"59":0,"60":0,"61":0,"62":0,"63":0,"64":0,"65":0,"66":0,"67":0,"68":0,"69":0,"70":0,"71":0,"72":1},"f":{"0":0,"1":0,"2":0,"3":0,"4":0,"5":0,"6":0,"7":0,"8":0,"9":0,"10":0,"11":0},"b":{"0":[0,0],"1":[0,0],"2":[0,0],"3":[0,0],"4":[0,0],"5":[0,0],"6":[0,0],"7":[0,0],"8":[0,0],"9":[0,0],"10":[0,0]},"_coverageSchema":"43e27e138ebf9cfc5966b082cf9a028302ed4184","hash":"cbb8f0c641e5f3bcdc4191decf48db75aed2a652","contentHash":"7f872aaa5c115875915e03a04dcc0cd8f513c79d6036f7ec502c598f29e2d4b0"},"C:\\Users\\H227598\\Desktop\\Verificacion y Validacion\\Museo2\\museoApi\\models\\ejemplar.js":{"path":"C:\\Users\\H227598\\Desktop\\Verificacion y Validacion\\Museo2\\museoApi\\models\\ejemplar.js","statementMap":{"0":{"start":{"line":3,"column":17},"end":{"line":3,"column":36}},"1":{"start":{"line":4,"column":16},"end":{"line":4,"column":31}},"2":{"start":{"line":6,"column":28},"end":{"line":13,"column":2}},"3":{"start":{"line":15,"column":27},"end":{"line":20,"column":2}},"4":{"start":{"line":22,"column":14},"end":{"line":25,"column":2}},"5":{"start":{"line":27,"column":23},"end":{"line":59,"column":2}},"6":{"start":{"line":61,"column":0},"end":{"line":61,"column":59}}},"fnMap":{},"branchMap":{},"s":{"0":1,"1":1,"2":1,"3":1,"4":1,"5":1,"6":1},"f":{},"b":{},"_coverageSchema":"43e27e138ebf9cfc5966b082cf9a028302ed4184","hash":"27dd452318082df9aecdeb2f6070ac49e6af195f","contentHash":"9ae9c3c9de5dca7f678f66c3e761639c440b0d6f64481a0516209fcdea7c0a81"},"C:\\Users\\H227598\\Desktop\\Verificacion y Validacion\\Museo2\\museoApi\\controllers\\home.js":{"path":"C:\\Users\\H227598\\Desktop\\Verificacion y Validacion\\Museo2\\museoApi\\controllers\\home.js","statementMap":{"0":{"start":{"line":3,"column":13},"end":{"line":3,"column":38}},"1":{"start":{"line":6,"column":4},"end":{"line":10,"column":6}},"2":{"start":{"line":7,"column":8},"end":{"line":7,"column":94}},"3":{"start":{"line":7,"column":16},"end":{"line":7,"column":94}},"4":{"start":{"line":8,"column":8},"end":{"line":8,"column":73}},"5":{"start":{"line":8,"column":18},"end":{"line":8,"column":73}},"6":{"start":{"line":9,"column":8},"end":{"line":9,"column":42}},"7":{"start":{"line":13,"column":0},"end":{"line":15,"column":1}}},"fnMap":{"0":{"name":"getHome","decl":{"start":{"line":5,"column":9},"end":{"line":5,"column":16}},"loc":{"start":{"line":5,"column":26},"end":{"line":11,"column":1}},"line":5},"1":{"name":"(anonymous_1)","decl":{"start":{"line":6,"column":17},"end":{"line":6,"column":18}},"loc":{"start":{"line":6,"column":29},"end":{"line":10,"column":5}},"line":6}},"branchMap":{"0":{"loc":{"start":{"line":7,"column":8},"end":{"line":7,"column":94}},"type":"if","locations":[{"start":{"line":7,"column":8},"end":{"line":7,"column":94}},{"start":{"line":7,"column":8},"end":{"line":7,"column":94}}],"line":7},"1":{"loc":{"start":{"line":8,"column":8},"end":{"line":8,"column":73}},"type":"if","locations":[{"start":{"line":8,"column":8},"end":{"line":8,"column":73}},{"start":{"line":8,"column":8},"end":{"line":8,"column":73}}],"line":8}},"s":{"0":1,"1":0,"2":0,"3":0,"4":0,"5":0,"6":0,"7":1},"f":{"0":0,"1":0},"b":{"0":[0,0],"1":[0,0]},"_coverageSchema":"43e27e138ebf9cfc5966b082cf9a028302ed4184","hash":"1ffc56a188c287d627e4a8c35de21546a0d97554","contentHash":"44cf749cf7c336bffc6bb2b31f392b3f859b3e51943eb08f1bd2bf73c707e37b"},"C:\\Users\\H227598\\Desktop\\Verificacion y Validacion\\Museo2\\museoApi\\models\\home.js":{"path":"C:\\Users\\H227598\\Desktop\\Verificacion y Validacion\\Museo2\\museoApi\\models\\home.js","statementMap":{"0":{"start":{"line":3,"column":17},"end":{"line":3,"column":36}},"1":{"start":{"line":4,"column":16},"end":{"line":4,"column":31}},"2":{"start":{"line":6,"column":14},"end":{"line":9,"column":2}},"3":{"start":{"line":11,"column":19},"end":{"line":19,"column":2}},"4":{"start":{"line":21,"column":0},"end":{"line":21,"column":51}}},"fnMap":{},"branchMap":{},"s":{"0":1,"1":1,"2":1,"3":1,"4":1},"f":{},"b":{},"_coverageSchema":"43e27e138ebf9cfc5966b082cf9a028302ed4184","hash":"f0f23ae7d5a2477fd7283e924e3cfbabd20bada3","contentHash":"3be0e8fed9ceeb6faa9324f403c9e383f681895ca6768ccc1010185101d38322"},"C:\\Users\\H227598\\Desktop\\Verificacion y Validacion\\Museo2\\museoApi\\controllers\\pais.js":{"path":"C:\\Users\\H227598\\Desktop\\Verificacion y Validacion\\Museo2\\museoApi\\controllers\\pais.js","statementMap":{"0":{"start":{"line":3,"column":15},"end":{"line":3,"column":40}},"1":{"start":{"line":7,"column":4},"end":{"line":11,"column":6}},"2":{"start":{"line":8,"column":8},"end":{"line":8,"column":94}},"3":{"start":{"line":8,"column":16},"end":{"line":8,"column":94}},"4":{"start":{"line":9,"column":8},"end":{"line":9,"column":78}},"5":{"start":{"line":9,"column":20},"end":{"line":9,"column":78}},"6":{"start":{"line":10,"column":8},"end":{"line":10,"column":46}},"7":{"start":{"line":14,"column":0},"end":{"line":16,"column":1}}},"fnMap":{"0":{"name":"getPaises","decl":{"start":{"line":6,"column":9},"end":{"line":6,"column":18}},"loc":{"start":{"line":6,"column":28},"end":{"line":12,"column":1}},"line":6},"1":{"name":"(anonymous_1)","decl":{"start":{"line":7,"column":19},"end":{"line":7,"column":20}},"loc":{"start":{"line":7,"column":33},"end":{"line":11,"column":5}},"line":7}},"branchMap":{"0":{"loc":{"start":{"line":8,"column":8},"end":{"line":8,"column":94}},"type":"if","locations":[{"start":{"line":8,"column":8},"end":{"line":8,"column":94}},{"start":{"line":8,"column":8},"end":{"line":8,"column":94}}],"line":8},"1":{"loc":{"start":{"line":9,"column":8},"end":{"line":9,"column":78}},"type":"if","locations":[{"start":{"line":9,"column":8},"end":{"line":9,"column":78}},{"start":{"line":9,"column":8},"end":{"line":9,"column":78}}],"line":9}},"s":{"0":1,"1":0,"2":0,"3":0,"4":0,"5":0,"6":0,"7":1},"f":{"0":0,"1":0},"b":{"0":[0,0],"1":[0,0]},"_coverageSchema":"43e27e138ebf9cfc5966b082cf9a028302ed4184","hash":"28dffaa0dd7552c3390bb5f04bf8b6bdf4481d60","contentHash":"9ca771178ba94dee09961e2d734b09eac74be9ec389390dee6dd9d7785659276"},"C:\\Users\\H227598\\Desktop\\Verificacion y Validacion\\Museo2\\museoApi\\models\\Pais.js":{"path":"C:\\Users\\H227598\\Desktop\\Verificacion y Validacion\\Museo2\\museoApi\\models\\Pais.js","statementMap":{"0":{"start":{"line":2,"column":17},"end":{"line":2,"column":36}},"1":{"start":{"line":3,"column":16},"end":{"line":3,"column":31}},"2":{"start":{"line":6,"column":19},"end":{"line":10,"column":2}},"3":{"start":{"line":12,"column":0},"end":{"line":12,"column":52}}},"fnMap":{},"branchMap":{},"s":{"0":1,"1":1,"2":1,"3":1},"f":{},"b":{},"_coverageSchema":"43e27e138ebf9cfc5966b082cf9a028302ed4184","hash":"9e5d75c4484a0808789c59fcb3ce434b80d693aa","contentHash":"695ede244e34923425a30bf3e9754e9b3a803a56c398c6d6e3b562e5cb645edb"},"C:\\Users\\H227598\\Desktop\\Verificacion y Validacion\\Museo2\\museoApi\\controllers\\provincia.js":{"path":"C:\\Users\\H227598\\Desktop\\Verificacion y Validacion\\Museo2\\museoApi\\controllers\\provincia.js","statementMap":{"0":{"start":{"line":3,"column":19},"end":{"line":3,"column":49}},"1":{"start":{"line":7,"column":4},"end":{"line":11,"column":6}},"2":{"start":{"line":8,"column":8},"end":{"line":8,"column":94}},"3":{"start":{"line":8,"column":16},"end":{"line":8,"column":94}},"4":{"start":{"line":9,"column":8},"end":{"line":9,"column":87}},"5":{"start":{"line":9,"column":24},"end":{"line":9,"column":87}},"6":{"start":{"line":10,"column":8},"end":{"line":10,"column":54}},"7":{"start":{"line":16,"column":16},"end":{"line":16,"column":33}},"8":{"start":{"line":19,"column":4},"end":{"line":23,"column":4}},"9":{"start":{"line":20,"column":3},"end":{"line":20,"column":89}},"10":{"start":{"line":20,"column":11},"end":{"line":20,"column":89}},"11":{"start":{"line":21,"column":3},"end":{"line":21,"column":89}},"12":{"start":{"line":21,"column":18},"end":{"line":21,"column":89}},"13":{"start":{"line":22,"column":3},"end":{"line":22,"column":48}},"14":{"start":{"line":27,"column":0},"end":{"line":30,"column":1}}},"fnMap":{"0":{"name":"getProvincias","decl":{"start":{"line":6,"column":9},"end":{"line":6,"column":22}},"loc":{"start":{"line":6,"column":32},"end":{"line":12,"column":1}},"line":6},"1":{"name":"(anonymous_1)","decl":{"start":{"line":7,"column":23},"end":{"line":7,"column":24}},"loc":{"start":{"line":7,"column":41},"end":{"line":11,"column":5}},"line":7},"2":{"name":"getProvinciaIdPais","decl":{"start":{"line":14,"column":9},"end":{"line":14,"column":27}},"loc":{"start":{"line":14,"column":37},"end":{"line":25,"column":1}},"line":14},"3":{"name":"(anonymous_3)","decl":{"start":{"line":19,"column":45},"end":{"line":19,"column":46}},"loc":{"start":{"line":19,"column":62},"end":{"line":23,"column":3}},"line":19}},"branchMap":{"0":{"loc":{"start":{"line":8,"column":8},"end":{"line":8,"column":94}},"type":"if","locations":[{"start":{"line":8,"column":8},"end":{"line":8,"column":94}},{"start":{"line":8,"column":8},"end":{"line":8,"column":94}}],"line":8},"1":{"loc":{"start":{"line":9,"column":8},"end":{"line":9,"column":87}},"type":"if","locations":[{"start":{"line":9,"column":8},"end":{"line":9,"column":87}},{"start":{"line":9,"column":8},"end":{"line":9,"column":87}}],"line":9},"2":{"loc":{"start":{"line":20,"column":3},"end":{"line":20,"column":89}},"type":"if","locations":[{"start":{"line":20,"column":3},"end":{"line":20,"column":89}},{"start":{"line":20,"column":3},"end":{"line":20,"column":89}}],"line":20},"3":{"loc":{"start":{"line":21,"column":3},"end":{"line":21,"column":89}},"type":"if","locations":[{"start":{"line":21,"column":3},"end":{"line":21,"column":89}},{"start":{"line":21,"column":3},"end":{"line":21,"column":89}}],"line":21}},"s":{"0":1,"1":0,"2":0,"3":0,"4":0,"5":0,"6":0,"7":0,"8":0,"9":0,"10":0,"11":0,"12":0,"13":0,"14":1},"f":{"0":0,"1":0,"2":0,"3":0},"b":{"0":[0,0],"1":[0,0],"2":[0,0],"3":[0,0]},"_coverageSchema":"43e27e138ebf9cfc5966b082cf9a028302ed4184","hash":"c8d09c689e83bc22074ec85c842dc4799fed7f8f","contentHash":"8043107a039c96b7587c7d50fec175d95b5d4c0968e773ecd59a3870e573db01"},"C:\\Users\\H227598\\Desktop\\Verificacion y Validacion\\Museo2\\museoApi\\models\\Provincia.js":{"path":"C:\\Users\\H227598\\Desktop\\Verificacion y Validacion\\Museo2\\museoApi\\models\\Provincia.js","statementMap":{"0":{"start":{"line":2,"column":17},"end":{"line":2,"column":36}},"1":{"start":{"line":3,"column":16},"end":{"line":3,"column":31}},"2":{"start":{"line":6,"column":24},"end":{"line":10,"column":2}},"3":{"start":{"line":12,"column":0},"end":{"line":12,"column":62}}},"fnMap":{},"branchMap":{},"s":{"0":1,"1":1,"2":1,"3":1},"f":{},"b":{},"_coverageSchema":"43e27e138ebf9cfc5966b082cf9a028302ed4184","hash":"3f7ad09357679042958b4ce6ed680de2a4d006e8","contentHash":"c09f5976f326e9eac7fa4a3021cea6ea1de8eea87731279577242c281af463e6"},"C:\\Users\\H227598\\Desktop\\Verificacion y Validacion\\Museo2\\museoApi\\controllers\\ciudad.js":{"path":"C:\\Users\\H227598\\Desktop\\Verificacion y Validacion\\Museo2\\museoApi\\controllers\\ciudad.js","statementMap":{"0":{"start":{"line":3,"column":17},"end":{"line":3,"column":44}},"1":{"start":{"line":7,"column":4},"end":{"line":11,"column":6}},"2":{"start":{"line":8,"column":8},"end":{"line":8,"column":94}},"3":{"start":{"line":8,"column":16},"end":{"line":8,"column":94}},"4":{"start":{"line":9,"column":8},"end":{"line":9,"column":82}},"5":{"start":{"line":9,"column":22},"end":{"line":9,"column":82}},"6":{"start":{"line":10,"column":8},"end":{"line":10,"column":50}},"7":{"start":{"line":16,"column":21},"end":{"line":16,"column":38}},"8":{"start":{"line":19,"column":4},"end":{"line":23,"column":4}},"9":{"start":{"line":20,"column":3},"end":{"line":20,"column":89}},"10":{"start":{"line":20,"column":11},"end":{"line":20,"column":89}},"11":{"start":{"line":21,"column":3},"end":{"line":21,"column":83}},"12":{"start":{"line":21,"column":15},"end":{"line":21,"column":83}},"13":{"start":{"line":22,"column":3},"end":{"line":22,"column":43}},"14":{"start":{"line":27,"column":0},"end":{"line":30,"column":1}}},"fnMap":{"0":{"name":"getCiudades","decl":{"start":{"line":6,"column":9},"end":{"line":6,"column":20}},"loc":{"start":{"line":6,"column":30},"end":{"line":12,"column":1}},"line":6},"1":{"name":"(anonymous_1)","decl":{"start":{"line":7,"column":21},"end":{"line":7,"column":22}},"loc":{"start":{"line":7,"column":37},"end":{"line":11,"column":5}},"line":7},"2":{"name":"getCiudadIdProv","decl":{"start":{"line":14,"column":9},"end":{"line":14,"column":24}},"loc":{"start":{"line":14,"column":34},"end":{"line":25,"column":1}},"line":14},"3":{"name":"(anonymous_3)","decl":{"start":{"line":19,"column":53},"end":{"line":19,"column":54}},"loc":{"start":{"line":19,"column":67},"end":{"line":23,"column":3}},"line":19}},"branchMap":{"0":{"loc":{"start":{"line":8,"column":8},"end":{"line":8,"column":94}},"type":"if","locations":[{"start":{"line":8,"column":8},"end":{"line":8,"column":94}},{"start":{"line":8,"column":8},"end":{"line":8,"column":94}}],"line":8},"1":{"loc":{"start":{"line":9,"column":8},"end":{"line":9,"column":82}},"type":"if","locations":[{"start":{"line":9,"column":8},"end":{"line":9,"column":82}},{"start":{"line":9,"column":8},"end":{"line":9,"column":82}}],"line":9},"2":{"loc":{"start":{"line":20,"column":3},"end":{"line":20,"column":89}},"type":"if","locations":[{"start":{"line":20,"column":3},"end":{"line":20,"column":89}},{"start":{"line":20,"column":3},"end":{"line":20,"column":89}}],"line":20},"3":{"loc":{"start":{"line":21,"column":3},"end":{"line":21,"column":83}},"type":"if","locations":[{"start":{"line":21,"column":3},"end":{"line":21,"column":83}},{"start":{"line":21,"column":3},"end":{"line":21,"column":83}}],"line":21}},"s":{"0":1,"1":0,"2":0,"3":0,"4":0,"5":0,"6":0,"7":0,"8":0,"9":0,"10":0,"11":0,"12":0,"13":0,"14":1},"f":{"0":0,"1":0,"2":0,"3":0},"b":{"0":[0,0],"1":[0,0],"2":[0,0],"3":[0,0]},"_coverageSchema":"43e27e138ebf9cfc5966b082cf9a028302ed4184","hash":"48fceec608b94e52a5a5038e7b4854283e44c39e","contentHash":"1a320217db941ae17af546ee2a572b670dbca3dfc5942b3cfe50344af11fac07"},"C:\\Users\\H227598\\Desktop\\Verificacion y Validacion\\Museo2\\museoApi\\models\\Ciudad.js":{"path":"C:\\Users\\H227598\\Desktop\\Verificacion y Validacion\\Museo2\\museoApi\\models\\Ciudad.js","statementMap":{"0":{"start":{"line":2,"column":17},"end":{"line":2,"column":36}},"1":{"start":{"line":3,"column":16},"end":{"line":3,"column":31}},"2":{"start":{"line":6,"column":21},"end":{"line":10,"column":2}},"3":{"start":{"line":12,"column":0},"end":{"line":12,"column":56}}},"fnMap":{},"branchMap":{},"s":{"0":1,"1":1,"2":1,"3":1},"f":{},"b":{},"_coverageSchema":"43e27e138ebf9cfc5966b082cf9a028302ed4184","hash":"74bdb0548ba0ac241003721bcde58e12e084e90d","contentHash":"d73f31dc6c623ff9e91bd11d884861d9a41c8b572564fedc5c9033c8b38f84f8"},"C:\\Users\\H227598\\Desktop\\Verificacion y Validacion\\Museo2\\museoApi\\config.js":{"path":"C:\\Users\\H227598\\Desktop\\Verificacion y Validacion\\Museo2\\museoApi\\config.js","statementMap":{"0":{"start":{"line":1,"column":0},"end":{"line":8,"column":1}}},"fnMap":{},"branchMap":{"0":{"loc":{"start":{"line":2,"column":10},"end":{"line":2,"column":34}},"type":"binary-expr","locations":[{"start":{"line":2,"column":10},"end":{"line":2,"column":26}},{"start":{"line":2,"column":30},"end":{"line":2,"column":34}}],"line":2},"1":{"loc":{"start":{"line":6,"column":6},"end":{"line":6,"column":62}},"type":"binary-expr","locations":[{"start":{"line":6,"column":6},"end":{"line":6,"column":25}},{"start":{"line":6,"column":29},"end":{"line":6,"column":62}}],"line":6}},"s":{"0":1},"f":{},"b":{"0":[1,1],"1":[1,1]},"_coverageSchema":"43e27e138ebf9cfc5966b082cf9a028302ed4184","hash":"74a80375c390d3514e7d91ad9a337314f5318129","contentHash":"b3c943278497c2e23e1acb07a2c7ca198f9cc9f9a702e3a78f5560a482ecdf9b"}}